{"meta": {"format": 3, "version": "7.13.4", "timestamp": "2026-03-03T10:35:45.100233", "branch_coverage": true, "show_contexts": false}, "files": {"src/haute/__init__.py": {"executed_lines": [3, 5, 6, 10, 11, 13], "summary": {"covered_lines": 6, "num_statements": 8, "percent_covered": 75.0, "percent_covered_display": "75", "missing_lines": 2, "excluded_lines": 0, "percent_statements_covered": 75.0, "percent_statements_covered_display": "75", "num_branches": 0, "num_partial_branches": 0, "covered_branches": 0, "missing_branches": 0, "percent_branches_covered": 100.0, "percent_branches_covered_display": "100"}, "missing_lines": [7, 8], "excluded_lines": [], "executed_branches": [], "missing_branches": [], "functions": {"": {"executed_lines": [3, 5, 6, 10, 11, 13], "summary": {"covered_lines": 6, "num_statements": 8, "percent_covered": 75.0, "percent_covered_display": "75", "missing_lines": 2, "excluded_lines": 0, "percent_statements_covered": 75.0, "percent_statements_covered_display": "75", "num_branches": 0, "num_partial_branches": 0, "covered_branches": 0, "missing_branches": 0, "percent_branches_covered": 100.0, "percent_branches_covered_display": "100"}, "missing_lines": [7, 8], "excluded_lines": [], "start_line": 1, "executed_branches": [], "missing_branches": []}}, "classes": {"": {"executed_lines": [3, 5, 6, 10, 11, 13], "summary": {"covered_lines": 6, "num_statements": 8, "percent_covered": 75.0, "percent_covered_display": "75", "missing_lines": 2, "excluded_lines": 0, "percent_statements_covered": 75.0, "percent_statements_covered_display": "75", "num_branches": 0, "num_partial_branches": 0, "covered_branches": 0, "missing_branches": 0, "percent_branches_covered": 100.0, "percent_branches_covered_display": "100"}, "missing_lines": [7, 8], "excluded_lines": [], "start_line": 1, "executed_branches": [], "missing_branches": []}}}, "src/haute/_cache.py": {"executed_lines": [3, 5, 6, 8, 9, 11, 13, 16, 23, 24, 25, 27, 28, 29, 32, 33, 34, 37, 38, 42, 45, 56, 57, 58, 59, 60, 61, 62, 63], "summary": {"covered_lines": 29, "num_statements": 31, "percent_covered": 94.87179487179488, "percent_covered_display": "95", "missing_lines": 2, "excluded_lines": 0, "percent_statements_covered": 93.54838709677419, "percent_statements_covered_display": "94", "num_branches": 8, "num_partial_branches": 0, "covered_branches": 8, "missing_branches": 0, "percent_branches_covered": 100.0, "percent_branches_covered_display": "100"}, "missing_lines": [39, 40], "excluded_lines": [], "executed_branches": [[24, 25], [24, 27], [28, 29], [28, 32], [32, 33], [32, 34], [57, 58], [57, 60]], "missing_branches": [], "functions": {"_graph_base_fingerprint": {"executed_lines": [23, 24, 25, 27, 28, 29, 32, 33, 34, 37, 38, 42], "summary": {"covered_lines": 12, "num_statements": 14, "percent_covered": 90.0, "percent_covered_display": "90", "missing_lines": 2, "excluded_lines": 0, "percent_statements_covered": 85.71428571428571, "percent_statements_covered_display": "86", "num_branches": 6, "num_partial_branches": 0, "covered_branches": 6, "missing_branches": 0, "percent_branches_covered": 100.0, "percent_branches_covered_display": "100"}, "missing_lines": [39, 40], "excluded_lines": [], "start_line": 16, "executed_branches": [[24, 25], [24, 27], [28, 29], [28, 32], [32, 33], [32, 34]], "missing_branches": []}, "graph_fingerprint": {"executed_lines": [56, 57, 58, 59, 60, 61, 62, 63], "summary": {"covered_lines": 8, "num_statements": 8, "percent_covered": 100.0, "percent_covered_display": "100", "missing_lines": 0, "excluded_lines": 0, "percent_statements_covered": 100.0, "percent_statements_covered_display": "100", "num_branches": 2, "num_partial_branches": 0, "covered_branches": 2, "missing_branches": 0, "percent_branches_covered": 100.0, "percent_branches_covered_display": "100"}, "missing_lines": [], "excluded_lines": [], "start_line": 45, "executed_branches": [[57, 58], [57, 60]], "missing_branches": []}, "": {"executed_lines": [3, 5, 6, 8, 9, 11, 13, 16, 45], "summary": {"covered_lines": 9, "num_statements": 9, "percent_covered": 100.0, "percent_covered_display": "100", "missing_lines": 0, "excluded_lines": 0, "percent_statements_covered": 100.0, "percent_statements_covered_display": "100", "num_branches": 0, "num_partial_branches": 0, "covered_branches": 0, "missing_branches": 0, "percent_branches_covered": 100.0, "percent_branches_covered_display": "100"}, "missing_lines": [], "excluded_lines": [], "start_line": 1, "executed_branches": [], "missing_branches": []}}, "classes": {"": {"executed_lines": [3, 5, 6, 8, 9, 11, 13, 16, 23, 24, 25, 27, 28, 29, 32, 33, 34, 37, 38, 42, 45, 56, 57, 58, 59, 60, 61, 62, 63], "summary": {"covered_lines": 29, "num_statements": 31, "percent_covered": 94.87179487179488, "percent_covered_display": "95", "missing_lines": 2, "excluded_lines": 0, "percent_statements_covered": 93.54838709677419, "percent_statements_covered_display": "94", "num_branches": 8, "num_partial_branches": 0, "covered_branches": 8, "missing_branches": 0, "percent_branches_covered": 100.0, "percent_branches_covered_display": "100"}, "missing_lines": [39, 40], "excluded_lines": [], "start_line": 1, "executed_branches": [[24, 25], [24, 27], [28, 29], [28, 32], [32, 33], [32, 34], [57, 58], [57, 60]], "missing_branches": []}}}, "src/haute/_config_io.py": {"executed_lines": [16, 18, 19, 20, 22, 23, 25, 31, 48, 51, 59, 61, 64, 74, 75, 76, 77, 78, 79, 80, 83, 88, 90, 91, 92, 93, 101, 109, 110, 111, 112, 115, 126, 127, 128, 129, 130, 131, 132, 135, 141, 142, 143, 144, 145, 146, 147, 148, 149, 150, 158, 167, 168, 169, 170, 171, 172, 173, 174, 175, 176, 177, 178], "summary": {"covered_lines": 63, "num_statements": 63, "percent_covered": 98.76543209876543, "percent_covered_display": "99", "missing_lines": 0, "excluded_lines": 0, "percent_statements_covered": 100.0, "percent_statements_covered_display": "100", "num_branches": 18, "num_partial_branches": 1, "covered_branches": 17, "missing_branches": 1, "percent_branches_covered": 94.44444444444444, "percent_branches_covered_display": "94"}, "missing_lines": [], "excluded_lines": [], "executed_branches": [[75, 76], [75, 77], [78, 79], [78, 80], [90, 91], [90, 93], [91, 90], [91, 92], [110, 111], [146, 147], [146, 150], [168, 169], [168, 178], [170, 171], [170, 172], [172, 173], [172, 174]], "missing_branches": [[110, 112]], "functions": {"has_config_folder": {"executed_lines": [61], "summary": {"covered_lines": 1, "num_statements": 1, "percent_covered": 100.0, "percent_covered_display": "100", "missing_lines": 0, "excluded_lines": 0, "percent_statements_covered": 100.0, "percent_statements_covered_display": "100", "num_branches": 0, "num_partial_branches": 0, "covered_branches": 0, "missing_branches": 0, "percent_branches_covered": 100.0, "percent_branches_covered_display": "100"}, "missing_lines": [], "excluded_lines": [], "start_line": 59, "executed_branches": [], "missing_branches": []}, "config_path_for_node": {"executed_lines": [74, 75, 76, 77, 78, 79, 80], "summary": {"covered_lines": 7, "num_statements": 7, "percent_covered": 100.0, "percent_covered_display": "100", "missing_lines": 0, "excluded_lines": 0, "percent_statements_covered": 100.0, "percent_statements_covered_display": "100", "num_branches": 4, "num_partial_branches": 0, "covered_branches": 4, "missing_branches": 0, "percent_branches_covered": 100.0, "percent_branches_covered_display": "100"}, "missing_lines": [], "excluded_lines": [], "start_line": 64, "executed_branches": [[75, 76], [75, 77], [78, 79], [78, 80]], "missing_branches": []}, "infer_node_type_from_config_path": {"executed_lines": [88, 90, 91, 92, 93], "summary": {"covered_lines": 5, "num_statements": 5, "percent_covered": 100.0, "percent_covered_display": "100", "missing_lines": 0, "excluded_lines": 0, "percent_statements_covered": 100.0, "percent_statements_covered_display": "100", "num_branches": 4, "num_partial_branches": 0, "covered_branches": 4, "missing_branches": 0, "percent_branches_covered": 100.0, "percent_branches_covered_display": "100"}, "missing_lines": [], "excluded_lines": [], "start_line": 83, "executed_branches": [[90, 91], [90, 93], [91, 90], [91, 92]], "missing_branches": []}, "load_node_config": {"executed_lines": [109, 110, 111, 112], "summary": {"covered_lines": 4, "num_statements": 4, "percent_covered": 83.33333333333333, "percent_covered_display": "83", "missing_lines": 0, "excluded_lines": 0, "percent_statements_covered": 100.0, "percent_statements_covered_display": "100", "num_branches": 2, "num_partial_branches": 1, "covered_branches": 1, "missing_branches": 1, "percent_branches_covered": 50.0, "percent_branches_covered_display": "50"}, "missing_lines": [], "excluded_lines": [], "start_line": 101, "executed_branches": [[110, 111]], "missing_branches": [[110, 112]]}, "save_node_config": {"executed_lines": [126, 127, 128, 129, 130, 131, 132], "summary": {"covered_lines": 7, "num_statements": 7, "percent_covered": 100.0, "percent_covered_display": "100", "missing_lines": 0, "excluded_lines": 0, "percent_statements_covered": 100.0, "percent_statements_covered_display": "100", "num_branches": 0, "num_partial_branches": 0, "covered_branches": 0, "missing_branches": 0, "percent_branches_covered": 100.0, "percent_branches_covered_display": "100"}, "missing_lines": [], "excluded_lines": [], "start_line": 115, "executed_branches": [], "missing_branches": []}, "remove_config_file": {"executed_lines": [141, 142, 143, 144, 145, 146, 147, 148, 149, 150], "summary": {"covered_lines": 10, "num_statements": 10, "percent_covered": 100.0, "percent_covered_display": "100", "missing_lines": 0, "excluded_lines": 0, "percent_statements_covered": 100.0, "percent_statements_covered_display": "100", "num_branches": 2, "num_partial_branches": 0, "covered_branches": 2, "missing_branches": 0, "percent_branches_covered": 100.0, "percent_branches_covered_display": "100"}, "missing_lines": [], "excluded_lines": [], "start_line": 135, "executed_branches": [[146, 147], [146, 150]], "missing_branches": []}, "collect_node_configs": {"executed_lines": [167, 168, 169, 170, 171, 172, 173, 174, 175, 176, 177, 178], "summary": {"covered_lines": 12, "num_statements": 12, "percent_covered": 100.0, "percent_covered_display": "100", "missing_lines": 0, "excluded_lines": 0, "percent_statements_covered": 100.0, "percent_statements_covered_display": "100", "num_branches": 6, "num_partial_branches": 0, "covered_branches": 6, "missing_branches": 0, "percent_branches_covered": 100.0, "percent_branches_covered_display": "100"}, "missing_lines": [], "excluded_lines": [], "start_line": 158, "executed_branches": [[168, 169], [168, 178], [170, 171], [170, 172], [172, 173], [172, 174]], "missing_branches": []}, "": {"executed_lines": [16, 18, 19, 20, 22, 23, 25, 31, 48, 51, 59, 64, 83, 101, 115, 135, 158], "summary": {"covered_lines": 17, "num_statements": 17, "percent_covered": 100.0, "percent_covered_display": "100", "missing_lines": 0, "excluded_lines": 0, "percent_statements_covered": 100.0, "percent_statements_covered_display": "100", "num_branches": 0, "num_partial_branches": 0, "covered_branches": 0, "missing_branches": 0, "percent_branches_covered": 100.0, "percent_branches_covered_display": "100"}, "missing_lines": [], "excluded_lines": [], "start_line": 1, "executed_branches": [], "missing_branches": []}}, "classes": {"": {"executed_lines": [16, 18, 19, 20, 22, 23, 25, 31, 48, 51, 59, 61, 64, 74, 75, 76, 77, 78, 79, 80, 83, 88, 90, 91, 92, 93, 101, 109, 110, 111, 112, 115, 126, 127, 128, 129, 130, 131, 132, 135, 141, 142, 143, 144, 145, 146, 147, 148, 149, 150, 158, 167, 168, 169, 170, 171, 172, 173, 174, 175, 176, 177, 178], "summary": {"covered_lines": 63, "num_statements": 63, "percent_covered": 98.76543209876543, "percent_covered_display": "99", "missing_lines": 0, "excluded_lines": 0, "percent_statements_covered": 100.0, "percent_statements_covered_display": "100", "num_branches": 18, "num_partial_branches": 1, "covered_branches": 17, "missing_branches": 1, "percent_branches_covered": 94.44444444444444, "percent_branches_covered_display": "94"}, "missing_lines": [], "excluded_lines": [], "start_line": 1, "executed_branches": [[75, 76], [75, 77], [78, 79], [78, 80], [90, 91], [90, 93], [91, 90], [91, 92], [110, 111], [146, 147], [146, 150], [168, 169], [168, 178], [170, 171], [170, 172], [172, 173], [172, 174]], "missing_branches": [[110, 112]]}}}, "src/haute/_config_validation.py": {"executed_lines": [8, 10, 12, 13, 33, 41, 61, 64, 66, 67, 68, 69, 73, 85, 96, 97, 98, 100, 102, 103, 106, 107, 108, 109, 115], "summary": {"covered_lines": 25, "num_statements": 26, "percent_covered": 93.75, "percent_covered_display": "94", "missing_lines": 1, "excluded_lines": 0, "percent_statements_covered": 96.15384615384616, "percent_statements_covered_display": "96", "num_branches": 6, "num_partial_branches": 1, "covered_branches": 5, "missing_branches": 1, "percent_branches_covered": 83.33333333333333, "percent_branches_covered_display": "83"}, "missing_lines": [104], "excluded_lines": [], "executed_branches": [[67, 68], [67, 69], [103, 106], [107, 108], [107, 115]], "missing_branches": [[103, 104]], "functions": {"_valid_keys_for": {"executed_lines": [66, 67, 68, 69], "summary": {"covered_lines": 4, "num_statements": 4, "percent_covered": 100.0, "percent_covered_display": "100", "missing_lines": 0, "excluded_lines": 0, "percent_statements_covered": 100.0, "percent_statements_covered_display": "100", "num_branches": 2, "num_partial_branches": 0, "covered_branches": 2, "missing_branches": 0, "percent_branches_covered": 100.0, "percent_branches_covered_display": "100"}, "missing_lines": [], "excluded_lines": [], "start_line": 64, "executed_branches": [[67, 68], [67, 69]], "missing_branches": []}, "warn_unrecognized_config_keys": {"executed_lines": [96, 97, 98, 100, 102, 103, 106, 107, 108, 109, 115], "summary": {"covered_lines": 11, "num_statements": 12, "percent_covered": 87.5, "percent_covered_display": "88", "missing_lines": 1, "excluded_lines": 0, "percent_statements_covered": 91.66666666666667, "percent_statements_covered_display": "92", "num_branches": 4, "num_partial_branches": 1, "covered_branches": 3, "missing_branches": 1, "percent_branches_covered": 75.0, "percent_branches_covered_display": "75"}, "missing_lines": [104], "excluded_lines": [], "start_line": 85, "executed_branches": [[103, 106], [107, 108], [107, 115]], "missing_branches": [[103, 104]]}, "": {"executed_lines": [8, 10, 12, 13, 33, 41, 61, 64, 73, 85], "summary": {"covered_lines": 10, "num_statements": 10, "percent_covered": 100.0, "percent_covered_display": "100", "missing_lines": 0, "excluded_lines": 0, "percent_statements_covered": 100.0, "percent_statements_covered_display": "100", "num_branches": 0, "num_partial_branches": 0, "covered_branches": 0, "missing_branches": 0, "percent_branches_covered": 100.0, "percent_branches_covered_display": "100"}, "missing_lines": [], "excluded_lines": [], "start_line": 1, "executed_branches": [], "missing_branches": []}}, "classes": {"": {"executed_lines": [8, 10, 12, 13, 33, 41, 61, 64, 66, 67, 68, 69, 73, 85, 96, 97, 98, 100, 102, 103, 106, 107, 108, 109, 115], "summary": {"covered_lines": 25, "num_statements": 26, "percent_covered": 93.75, "percent_covered_display": "94", "missing_lines": 1, "excluded_lines": 0, "percent_statements_covered": 96.15384615384616, "percent_statements_covered_display": "96", "num_branches": 6, "num_partial_branches": 1, "covered_branches": 5, "missing_branches": 1, "percent_branches_covered": 83.33333333333333, "percent_branches_covered_display": "83"}, "missing_lines": [104], "excluded_lines": [], "start_line": 1, "executed_branches": [[67, 68], [67, 69], [103, 106], [107, 108], [107, 115]], "missing_branches": [[103, 104]]}}}, "src/haute/_databricks_io.py": {"executed_lines": [14, 16, 17, 18, 19, 20, 21, 23, 25, 29, 33, 36, 37, 42, 44, 45, 48, 50, 51, 54, 58, 62, 109, 111, 112, 113, 116, 120, 121, 124, 126, 127, 128, 129, 130, 133, 134, 135, 136, 137, 138, 139, 140, 143, 147, 149, 150, 151, 152, 153, 154, 155, 156, 172, 173, 174, 177, 178, 181, 183, 184, 187, 303, 308, 309, 310, 314], "summary": {"covered_lines": 67, "num_statements": 142, "percent_covered": 41.95402298850575, "percent_covered_display": "42", "missing_lines": 75, "excluded_lines": 0, "percent_statements_covered": 47.183098591549296, "percent_statements_covered_display": "47", "num_branches": 32, "num_partial_branches": 0, "covered_branches": 6, "missing_branches": 26, "percent_branches_covered": 18.75, "percent_branches_covered_display": "19"}, "missing_lines": [71, 72, 73, 75, 76, 77, 78, 79, 80, 81, 86, 87, 94, 95, 96, 97, 98, 100, 101, 206, 207, 209, 212, 213, 218, 219, 221, 222, 223, 225, 226, 228, 229, 230, 231, 232, 237, 238, 239, 240, 242, 243, 244, 245, 246, 247, 248, 249, 250, 251, 252, 253, 254, 255, 256, 259, 260, 261, 262, 263, 268, 269, 270, 271, 272, 273, 274, 275, 276, 278, 279, 280, 283, 284, 286], "excluded_lines": [], "executed_branches": [[127, 128], [127, 130], [150, 151], [150, 152], [309, 310], [309, 314]], "missing_branches": [[76, 77], [76, 78], [78, 79], [78, 80], [80, 81], [80, 86], [86, 87], [86, 94], [95, 96], [95, 97], [97, 98], [97, 100], [212, 213], [212, 218], [243, 244], [243, 252], [248, 249], [248, 250], [253, 254], [253, 255], [255, 256], [255, 259], [268, 269], [268, 271], [273, 274], [273, 275]], "functions": {"_set_fetch_progress": {"executed_lines": [44, 45], "summary": {"covered_lines": 2, "num_statements": 2, "percent_covered": 100.0, "percent_covered_display": "100", "missing_lines": 0, "excluded_lines": 0, "percent_statements_covered": 100.0, "percent_statements_covered_display": "100", "num_branches": 0, "num_partial_branches": 0, "covered_branches": 0, "missing_branches": 0, "percent_branches_covered": 100.0, "percent_branches_covered_display": "100"}, "missing_lines": [], "excluded_lines": [], "start_line": 42, "executed_branches": [], "missing_branches": []}, "_clear_fetch_progress": {"executed_lines": [50, 51], "summary": {"covered_lines": 2, "num_statements": 2, "percent_covered": 100.0, "percent_covered_display": "100", "missing_lines": 0, "excluded_lines": 0, "percent_statements_covered": 100.0, "percent_statements_covered_display": "100", "num_branches": 0, "num_partial_branches": 0, "covered_branches": 0, "missing_branches": 0, "percent_branches_covered": 100.0, "percent_branches_covered_display": "100"}, "missing_lines": [], "excluded_lines": [], "start_line": 48, "executed_branches": [], "missing_branches": []}, "_get_credentials": {"executed_lines": [], "summary": {"covered_lines": 0, "num_statements": 19, "percent_covered": 0.0, "percent_covered_display": "0", "missing_lines": 19, "excluded_lines": 0, "percent_statements_covered": 0.0, "percent_statements_covered_display": "0", "num_branches": 12, "num_partial_branches": 0, "covered_branches": 0, "missing_branches": 12, "percent_branches_covered": 0.0, "percent_branches_covered_display": "0"}, "missing_lines": [71, 72, 73, 75, 76, 77, 78, 79, 80, 81, 86, 87, 94, 95, 96, 97, 98, 100, 101], "excluded_lines": [], "start_line": 62, "executed_branches": [], "missing_branches": [[76, 77], [76, 78], [78, 79], [78, 80], [80, 81], [80, 86], [86, 87], [86, 94], [95, 96], [95, 97], [97, 98], [97, 100]]}, "_cache_path_for": {"executed_lines": [111, 112, 113], "summary": {"covered_lines": 3, "num_statements": 3, "percent_covered": 100.0, "percent_covered_display": "100", "missing_lines": 0, "excluded_lines": 0, "percent_statements_covered": 100.0, "percent_statements_covered_display": "100", "num_branches": 0, "num_partial_branches": 0, "covered_branches": 0, "missing_branches": 0, "percent_branches_covered": 100.0, "percent_branches_covered_display": "100"}, "missing_lines": [], "excluded_lines": [], "start_line": 109, "executed_branches": [], "missing_branches": []}, "cached_path": {"executed_lines": [120, 121], "summary": {"covered_lines": 2, "num_statements": 2, "percent_covered": 100.0, "percent_covered_display": "100", "missing_lines": 0, "excluded_lines": 0, "percent_statements_covered": 100.0, "percent_statements_covered_display": "100", "num_branches": 0, "num_partial_branches": 0, "covered_branches": 0, "missing_branches": 0, "percent_branches_covered": 100.0, "percent_branches_covered_display": "100"}, "missing_lines": [], "excluded_lines": [], "start_line": 116, "executed_branches": [], "missing_branches": []}, "clear_cache": {"executed_lines": [126, 127, 128, 129, 130], "summary": {"covered_lines": 5, "num_statements": 5, "percent_covered": 100.0, "percent_covered_display": "100", "missing_lines": 0, "excluded_lines": 0, "percent_statements_covered": 100.0, "percent_statements_covered_display": "100", "num_branches": 2, "num_partial_branches": 0, "covered_branches": 2, "missing_branches": 0, "percent_branches_covered": 100.0, "percent_branches_covered_display": "100"}, "missing_lines": [], "excluded_lines": [], "start_line": 124, "executed_branches": [[127, 128], [127, 130]], "missing_branches": []}, "cache_info": {"executed_lines": [147, 149, 150, 151, 152, 153, 154, 155, 156], "summary": {"covered_lines": 9, "num_statements": 9, "percent_covered": 100.0, "percent_covered_display": "100", "missing_lines": 0, "excluded_lines": 0, "percent_statements_covered": 100.0, "percent_statements_covered_display": "100", "num_branches": 2, "num_partial_branches": 0, "covered_branches": 2, "missing_branches": 0, "percent_branches_covered": 100.0, "percent_branches_covered_display": "100"}, "missing_lines": [], "excluded_lines": [], "start_line": 143, "executed_branches": [[150, 151], [150, 152]], "missing_branches": []}, "fetch_progress": {"executed_lines": [183, 184], "summary": {"covered_lines": 2, "num_statements": 2, "percent_covered": 100.0, "percent_covered_display": "100", "missing_lines": 0, "excluded_lines": 0, "percent_statements_covered": 100.0, "percent_statements_covered_display": "100", "num_branches": 0, "num_partial_branches": 0, "covered_branches": 0, "missing_branches": 0, "percent_branches_covered": 100.0, "percent_branches_covered_display": "100"}, "missing_lines": [], "excluded_lines": [], "start_line": 181, "executed_branches": [], "missing_branches": []}, "fetch_and_cache": {"executed_lines": [], "summary": {"covered_lines": 0, "num_statements": 56, "percent_covered": 0.0, "percent_covered_display": "0", "missing_lines": 56, "excluded_lines": 0, "percent_statements_covered": 0.0, "percent_statements_covered_display": "0", "num_branches": 14, "num_partial_branches": 0, "covered_branches": 0, "missing_branches": 14, "percent_branches_covered": 0.0, "percent_branches_covered_display": "0"}, "missing_lines": [206, 207, 209, 212, 213, 218, 219, 221, 222, 223, 225, 226, 228, 229, 230, 231, 232, 237, 238, 239, 240, 242, 243, 244, 245, 246, 247, 248, 249, 250, 251, 252, 253, 254, 255, 256, 259, 260, 261, 262, 263, 268, 269, 270, 271, 272, 273, 274, 275, 276, 278, 279, 280, 283, 284, 286], "excluded_lines": [], "start_line": 187, "executed_branches": [], "missing_branches": [[212, 213], [212, 218], [243, 244], [243, 252], [248, 249], [248, 250], [253, 254], [253, 255], [255, 256], [255, 259], [268, 269], [268, 271], [273, 274], [273, 275]]}, "read_cached_table": {"executed_lines": [308, 309, 310, 314], "summary": {"covered_lines": 4, "num_statements": 4, "percent_covered": 100.0, "percent_covered_display": "100", "missing_lines": 0, "excluded_lines": 0, "percent_statements_covered": 100.0, "percent_statements_covered_display": "100", "num_branches": 2, "num_partial_branches": 0, "covered_branches": 2, "missing_branches": 0, "percent_branches_covered": 100.0, "percent_branches_covered_display": "100"}, "missing_lines": [], "excluded_lines": [], "start_line": 303, "executed_branches": [[309, 310], [309, 314]], "missing_branches": []}, "": {"executed_lines": [14, 16, 17, 18, 19, 20, 21, 23, 25, 29, 33, 36, 37, 42, 48, 54, 58, 62, 109, 116, 124, 133, 134, 135, 136, 137, 138, 139, 140, 143, 172, 173, 174, 177, 178, 181, 187, 303], "summary": {"covered_lines": 38, "num_statements": 38, "percent_covered": 100.0, "percent_covered_display": "100", "missing_lines": 0, "excluded_lines": 0, "percent_statements_covered": 100.0, "percent_statements_covered_display": "100", "num_branches": 0, "num_partial_branches": 0, "covered_branches": 0, "missing_branches": 0, "percent_branches_covered": 100.0, "percent_branches_covered_display": "100"}, "missing_lines": [], "excluded_lines": [], "start_line": 1, "executed_branches": [], "missing_branches": []}}, "classes": {"DatabricksConfigError": {"executed_lines": [], "summary": {"covered_lines": 0, "num_statements": 0, "percent_covered": 100.0, "percent_covered_display": "100", "missing_lines": 0, "excluded_lines": 0, "percent_statements_covered": 100.0, "percent_statements_covered_display": "100", "num_branches": 0, "num_partial_branches": 0, "covered_branches": 0, "missing_branches": 0, "percent_branches_covered": 100.0, "percent_branches_covered_display": "100"}, "missing_lines": [], "excluded_lines": [], "start_line": 54, "executed_branches": [], "missing_branches": []}, "CacheNotFoundError": {"executed_lines": [], "summary": {"covered_lines": 0, "num_statements": 0, "percent_covered": 100.0, "percent_covered_display": "100", "missing_lines": 0, "excluded_lines": 0, "percent_statements_covered": 100.0, "percent_statements_covered_display": "100", "num_branches": 0, "num_partial_branches": 0, "covered_branches": 0, "missing_branches": 0, "percent_branches_covered": 100.0, "percent_branches_covered_display": "100"}, "missing_lines": [], "excluded_lines": [], "start_line": 58, "executed_branches": [], "missing_branches": []}, "CacheInfoDict": {"executed_lines": [], "summary": {"covered_lines": 0, "num_statements": 0, "percent_covered": 100.0, "percent_covered_display": "100", "missing_lines": 0, "excluded_lines": 0, "percent_statements_covered": 100.0, "percent_statements_covered_display": "100", "num_branches": 0, "num_partial_branches": 0, "covered_branches": 0, "missing_branches": 0, "percent_branches_covered": 100.0, "percent_branches_covered_display": "100"}, "missing_lines": [], "excluded_lines": [], "start_line": 133, "executed_branches": [], "missing_branches": []}, "FetchResultDict": {"executed_lines": [], "summary": {"covered_lines": 0, "num_statements": 0, "percent_covered": 100.0, "percent_covered_display": "100", "missing_lines": 0, "excluded_lines": 0, "percent_statements_covered": 100.0, "percent_statements_covered_display": "100", "num_branches": 0, "num_partial_branches": 0, "covered_branches": 0, "missing_branches": 0, "percent_branches_covered": 100.0, "percent_branches_covered_display": "100"}, "missing_lines": [], "excluded_lines": [], "start_line": 177, "executed_branches": [], "missing_branches": []}, "": {"executed_lines": [14, 16, 17, 18, 19, 20, 21, 23, 25, 29, 33, 36, 37, 42, 44, 45, 48, 50, 51, 54, 58, 62, 109, 111, 112, 113, 116, 120, 121, 124, 126, 127, 128, 129, 130, 133, 134, 135, 136, 137, 138, 139, 140, 143, 147, 149, 150, 151, 152, 153, 154, 155, 156, 172, 173, 174, 177, 178, 181, 183, 184, 187, 303, 308, 309, 310, 314], "summary": {"covered_lines": 67, "num_statements": 142, "percent_covered": 41.95402298850575, "percent_covered_display": "42", "missing_lines": 75, "excluded_lines": 0, "percent_statements_covered": 47.183098591549296, "percent_statements_covered_display": "47", "num_branches": 32, "num_partial_branches": 0, "covered_branches": 6, "missing_branches": 26, "percent_branches_covered": 18.75, "percent_branches_covered_display": "19"}, "missing_lines": [71, 72, 73, 75, 76, 77, 78, 79, 80, 81, 86, 87, 94, 95, 96, 97, 98, 100, 101, 206, 207, 209, 212, 213, 218, 219, 221, 222, 223, 225, 226, 228, 229, 230, 231, 232, 237, 238, 239, 240, 242, 243, 244, 245, 246, 247, 248, 249, 250, 251, 252, 253, 254, 255, 256, 259, 260, 261, 262, 263, 268, 269, 270, 271, 272, 273, 274, 275, 276, 278, 279, 280, 283, 284, 286], "excluded_lines": [], "start_line": 1, "executed_branches": [[127, 128], [127, 130], [150, 151], [150, 152], [309, 310], [309, 314]], "missing_branches": [[76, 77], [76, 78], [78, 79], [78, 80], [80, 81], [80, 86], [86, 87], [86, 94], [95, 96], [95, 97], [97, 98], [97, 100], [212, 213], [212, 218], [243, 244], [243, 252], [248, 249], [248, 250], [253, 254], [253, 255], [255, 256], [255, 259], [268, 269], [268, 271], [273, 274], [273, 275]]}}}, "src/haute/_execute_lazy.py": {"executed_lines": [3, 5, 6, 7, 9, 11, 12, 13, 23, 26, 38, 42, 43, 45, 46, 47, 50, 51, 54, 55, 58, 59, 60, 61, 62, 64, 65, 66, 67, 69, 70, 71, 77, 91, 92, 93, 95, 96, 98, 100, 101, 103, 104, 105, 106, 108, 109, 110, 111, 113, 116, 139, 144, 147, 148, 149, 150, 153, 154, 157, 158, 159, 160, 163, 165, 166, 167, 168, 170, 171, 172, 173, 174, 176, 177, 178, 180, 188, 208, 209, 210, 215, 218, 223, 224, 227, 230, 231, 232, 233, 234, 235, 236, 237, 240, 267, 272, 274, 280, 281, 282, 283, 285, 286, 287, 288, 289, 290, 291, 292, 294, 295, 300, 301, 304, 306, 307, 308, 309, 310, 311, 312, 313, 314, 315, 317], "summary": {"covered_lines": 126, "num_statements": 129, "percent_covered": 97.23756906077348, "percent_covered_display": "97", "missing_lines": 3, "excluded_lines": 0, "percent_statements_covered": 97.67441860465117, "percent_statements_covered_display": "98", "num_branches": 52, "num_partial_branches": 2, "covered_branches": 50, "missing_branches": 2, "percent_branches_covered": 96.15384615384616, "percent_branches_covered_display": "96"}, "missing_lines": [63, 155, 156], "excluded_lines": [], "executed_branches": [[42, 43], [42, 45], [46, 47], [46, 69], [50, 51], [50, 54], [54, 55], [54, 58], [58, 46], [58, 59], [59, 60], [59, 61], [62, 64], [66, 58], [66, 67], [69, 70], [69, 71], [95, 96], [95, 98], [104, 105], [104, 108], [105, 104], [105, 106], [109, 110], [109, 113], [148, 149], [148, 163], [154, 157], [157, 158], [157, 159], [165, 166], [165, 180], [167, 168], [167, 170], [172, 173], [172, 174], [176, 177], [176, 178], [209, 210], [209, 224], [285, 286], [285, 317], [289, 290], [289, 294], [291, 292], [291, 306], [300, 301], [300, 304], [310, 311], [310, 312]], "missing_branches": [[62, 63], [154, 155]], "functions": {"_prune_live_switch_edges": {"executed_lines": [38, 42, 43, 45, 46, 47, 50, 51, 54, 55, 58, 59, 60, 61, 62, 64, 65, 66, 67, 69, 70, 71], "summary": {"covered_lines": 22, "num_statements": 23, "percent_covered": 95.1219512195122, "percent_covered_display": "95", "missing_lines": 1, "excluded_lines": 0, "percent_statements_covered": 95.65217391304348, "percent_statements_covered_display": "96", "num_branches": 18, "num_partial_branches": 1, "covered_branches": 17, "missing_branches": 1, "percent_branches_covered": 94.44444444444444, "percent_branches_covered_display": "94"}, "missing_lines": [63], "excluded_lines": [], "start_line": 26, "executed_branches": [[42, 43], [42, 45], [46, 47], [46, 69], [50, 51], [50, 54], [54, 55], [54, 58], [58, 46], [58, 59], [59, 60], [59, 61], [62, 64], [66, 58], [66, 67], [69, 70], [69, 71]], "missing_branches": [[62, 63]]}, "_prepare_graph": {"executed_lines": [91, 92, 93, 95, 96, 98, 100, 101, 103, 104, 105, 106, 108, 109, 110, 111, 113], "summary": {"covered_lines": 17, "num_statements": 17, "percent_covered": 100.0, "percent_covered_display": "100", "missing_lines": 0, "excluded_lines": 0, "percent_statements_covered": 100.0, "percent_statements_covered_display": "100", "num_branches": 8, "num_partial_branches": 0, "covered_branches": 8, "missing_branches": 0, "percent_branches_covered": 100.0, "percent_branches_covered_display": "100"}, "missing_lines": [], "excluded_lines": [], "start_line": 77, "executed_branches": [[95, 96], [95, 98], [104, 105], [104, 108], [105, 104], [105, 106], [109, 110], [109, 113]], "missing_branches": []}, "_execute_lazy": {"executed_lines": [139, 144, 147, 148, 149, 150, 153, 154, 157, 158, 159, 160, 163, 165, 166, 167, 168, 170, 171, 172, 173, 174, 176, 177, 178, 180], "summary": {"covered_lines": 26, "num_statements": 28, "percent_covered": 92.85714285714286, "percent_covered_display": "93", "missing_lines": 2, "excluded_lines": 0, "percent_statements_covered": 92.85714285714286, "percent_statements_covered_display": "93", "num_branches": 14, "num_partial_branches": 1, "covered_branches": 13, "missing_branches": 1, "percent_branches_covered": 92.85714285714286, "percent_branches_covered_display": "93"}, "missing_lines": [155, 156], "excluded_lines": [], "start_line": 116, "executed_branches": [[148, 149], [148, 163], [154, 157], [157, 158], [157, 159], [165, 166], [165, 180], [167, 168], [167, 170], [172, 173], [172, 174], [176, 177], [176, 178]], "missing_branches": [[154, 155]]}, "_build_funcs": {"executed_lines": [208, 209, 210, 215, 218, 223, 224], "summary": {"covered_lines": 7, "num_statements": 7, "percent_covered": 100.0, "percent_covered_display": "100", "missing_lines": 0, "excluded_lines": 0, "percent_statements_covered": 100.0, "percent_statements_covered_display": "100", "num_branches": 2, "num_partial_branches": 0, "covered_branches": 2, "missing_branches": 0, "percent_branches_covered": 100.0, "percent_branches_covered_display": "100"}, "missing_lines": [], "excluded_lines": [], "start_line": 188, "executed_branches": [[209, 210], [209, 224]], "missing_branches": []}, "_execute_eager_core": {"executed_lines": [267, 272, 274, 280, 281, 282, 283, 285, 286, 287, 288, 289, 290, 291, 292, 294, 295, 300, 301, 304, 306, 307, 308, 309, 310, 311, 312, 313, 314, 315, 317], "summary": {"covered_lines": 31, "num_statements": 31, "percent_covered": 100.0, "percent_covered_display": "100", "missing_lines": 0, "excluded_lines": 0, "percent_statements_covered": 100.0, "percent_statements_covered_display": "100", "num_branches": 10, "num_partial_branches": 0, "covered_branches": 10, "missing_branches": 0, "percent_branches_covered": 100.0, "percent_branches_covered_display": "100"}, "missing_lines": [], "excluded_lines": [], "start_line": 240, "executed_branches": [[285, 286], [285, 317], [289, 290], [289, 294], [291, 292], [291, 306], [300, 301], [300, 304], [310, 311], [310, 312]], "missing_branches": []}, "": {"executed_lines": [3, 5, 6, 7, 9, 11, 12, 13, 23, 26, 77, 116, 188, 227, 230, 231, 232, 233, 234, 235, 236, 237, 240], "summary": {"covered_lines": 23, "num_statements": 23, "percent_covered": 100.0, "percent_covered_display": "100", "missing_lines": 0, "excluded_lines": 0, "percent_statements_covered": 100.0, "percent_statements_covered_display": "100", "num_branches": 0, "num_partial_branches": 0, "covered_branches": 0, "missing_branches": 0, "percent_branches_covered": 100.0, "percent_branches_covered_display": "100"}, "missing_lines": [], "excluded_lines": [], "start_line": 1, "executed_branches": [], "missing_branches": []}}, "classes": {"EagerResult": {"executed_lines": [], "summary": {"covered_lines": 0, "num_statements": 0, "percent_covered": 100.0, "percent_covered_display": "100", "missing_lines": 0, "excluded_lines": 0, "percent_statements_covered": 100.0, "percent_statements_covered_display": "100", "num_branches": 0, "num_partial_branches": 0, "covered_branches": 0, "missing_branches": 0, "percent_branches_covered": 100.0, "percent_branches_covered_display": "100"}, "missing_lines": [], "excluded_lines": [], "start_line": 227, "executed_branches": [], "missing_branches": []}, "": {"executed_lines": [3, 5, 6, 7, 9, 11, 12, 13, 23, 26, 38, 42, 43, 45, 46, 47, 50, 51, 54, 55, 58, 59, 60, 61, 62, 64, 65, 66, 67, 69, 70, 71, 77, 91, 92, 93, 95, 96, 98, 100, 101, 103, 104, 105, 106, 108, 109, 110, 111, 113, 116, 139, 144, 147, 148, 149, 150, 153, 154, 157, 158, 159, 160, 163, 165, 166, 167, 168, 170, 171, 172, 173, 174, 176, 177, 178, 180, 188, 208, 209, 210, 215, 218, 223, 224, 227, 230, 231, 232, 233, 234, 235, 236, 237, 240, 267, 272, 274, 280, 281, 282, 283, 285, 286, 287, 288, 289, 290, 291, 292, 294, 295, 300, 301, 304, 306, 307, 308, 309, 310, 311, 312, 313, 314, 315, 317], "summary": {"covered_lines": 126, "num_statements": 129, "percent_covered": 97.23756906077348, "percent_covered_display": "97", "missing_lines": 3, "excluded_lines": 0, "percent_statements_covered": 97.67441860465117, "percent_statements_covered_display": "98", "num_branches": 52, "num_partial_branches": 2, "covered_branches": 50, "missing_branches": 2, "percent_branches_covered": 96.15384615384616, "percent_branches_covered_display": "96"}, "missing_lines": [63, 155, 156], "excluded_lines": [], "start_line": 1, "executed_branches": [[42, 43], [42, 45], [46, 47], [46, 69], [50, 51], [50, 54], [54, 55], [54, 58], [58, 46], [58, 59], [59, 60], [59, 61], [62, 64], [66, 58], [66, 67], [69, 70], [69, 71], [95, 96], [95, 98], [104, 105], [104, 108], [105, 104], [105, 106], [109, 110], [109, 113], [148, 149], [148, 163], [154, 157], [157, 158], [157, 159], [165, 166], [165, 180], [167, 168], [167, 170], [172, 173], [172, 174], [176, 177], [176, 178], [209, 210], [209, 224], [285, 286], [285, 317], [289, 290], [289, 294], [291, 292], [291, 306], [300, 301], [300, 304], [310, 311], [310, 312]], "missing_branches": [[62, 63], [154, 155]]}}}, "src/haute/_flatten.py": {"executed_lines": [3, 5, 6, 8, 11, 20, 21, 22, 24, 25, 28, 29, 32, 33, 34, 35, 36, 37, 40, 41, 42, 43, 44, 45, 46, 47, 48, 50, 56, 58, 59, 60, 63, 66, 72, 73, 74, 75, 76, 77, 78, 80, 86], "summary": {"covered_lines": 43, "num_statements": 47, "percent_covered": 89.55223880597015, "percent_covered_display": "90", "missing_lines": 4, "excluded_lines": 0, "percent_statements_covered": 91.48936170212765, "percent_statements_covered_display": "91", "num_branches": 20, "num_partial_branches": 3, "covered_branches": 17, "missing_branches": 3, "percent_branches_covered": 85.0, "percent_branches_covered_display": "85"}, "missing_lines": [52, 53, 54, 64], "excluded_lines": [], "executed_branches": [[21, 22], [21, 24], [32, 33], [32, 40], [34, 35], [34, 36], [36, 32], [36, 37], [41, 42], [41, 72], [50, 56], [56, 58], [56, 63], [63, 66], [74, 75], [74, 80], [76, 77]], "missing_branches": [[50, 52], [63, 64], [76, 74]], "functions": {"flatten_graph": {"executed_lines": [20, 21, 22, 24, 25, 28, 29, 32, 33, 34, 35, 36, 37, 40, 41, 42, 43, 44, 45, 46, 47, 48, 50, 56, 58, 59, 60, 63, 66, 72, 73, 74, 75, 76, 77, 78, 80, 86], "summary": {"covered_lines": 38, "num_statements": 42, "percent_covered": 88.70967741935483, "percent_covered_display": "89", "missing_lines": 4, "excluded_lines": 0, "percent_statements_covered": 90.47619047619048, "percent_statements_covered_display": "90", "num_branches": 20, "num_partial_branches": 3, "covered_branches": 17, "missing_branches": 3, "percent_branches_covered": 85.0, "percent_branches_covered_display": "85"}, "missing_lines": [52, 53, 54, 64], "excluded_lines": [], "start_line": 11, "executed_branches": [[21, 22], [21, 24], [32, 33], [32, 40], [34, 35], [34, 36], [36, 32], [36, 37], [41, 42], [41, 72], [50, 56], [56, 58], [56, 63], [63, 66], [74, 75], [74, 80], [76, 77]], "missing_branches": [[50, 52], [63, 64], [76, 74]]}, "": {"executed_lines": [3, 5, 6, 8, 11], "summary": {"covered_lines": 5, "num_statements": 5, "percent_covered": 100.0, "percent_covered_display": "100", "missing_lines": 0, "excluded_lines": 0, "percent_statements_covered": 100.0, "percent_statements_covered_display": "100", "num_branches": 0, "num_partial_branches": 0, "covered_branches": 0, "missing_branches": 0, "percent_branches_covered": 100.0, "percent_branches_covered_display": "100"}, "missing_lines": [], "excluded_lines": [], "start_line": 1, "executed_branches": [], "missing_branches": []}}, "classes": {"": {"executed_lines": [3, 5, 6, 8, 11, 20, 21, 22, 24, 25, 28, 29, 32, 33, 34, 35, 36, 37, 40, 41, 42, 43, 44, 45, 46, 47, 48, 50, 56, 58, 59, 60, 63, 66, 72, 73, 74, 75, 76, 77, 78, 80, 86], "summary": {"covered_lines": 43, "num_statements": 47, "percent_covered": 89.55223880597015, "percent_covered_display": "90", "missing_lines": 4, "excluded_lines": 0, "percent_statements_covered": 91.48936170212765, "percent_statements_covered_display": "91", "num_branches": 20, "num_partial_branches": 3, "covered_branches": 17, "missing_branches": 3, "percent_branches_covered": 85.0, "percent_branches_covered_display": "85"}, "missing_lines": [52, 53, 54, 64], "excluded_lines": [], "start_line": 1, "executed_branches": [[21, 22], [21, 24], [32, 33], [32, 40], [34, 35], [34, 36], [36, 32], [36, 37], [41, 42], [41, 72], [50, 56], [56, 58], [56, 63], [63, 66], [74, 75], [74, 80], [76, 77]], "missing_branches": [[50, 52], [63, 64], [76, 74]]}}}, "src/haute/_io.py": {"executed_lines": [3, 5, 7, 8, 10, 12, 15, 31, 32, 33, 36, 37, 39, 40, 41, 42, 43, 46, 51, 65, 67, 69, 71, 72, 75, 77, 78, 79, 81, 82, 83, 86, 90, 91, 93, 94, 95, 99, 111, 113], "summary": {"covered_lines": 40, "num_statements": 52, "percent_covered": 75.71428571428571, "percent_covered_display": "76", "missing_lines": 12, "excluded_lines": 0, "percent_statements_covered": 76.92307692307692, "percent_statements_covered_display": "77", "num_branches": 18, "num_partial_branches": 3, "covered_branches": 13, "missing_branches": 5, "percent_branches_covered": 72.22222222222223, "percent_branches_covered_display": "72"}, "missing_lines": [38, 73, 74, 96, 98, 100, 101, 103, 105, 107, 108, 109], "excluded_lines": [], "executed_branches": [[31, 32], [31, 33], [33, 36], [33, 37], [37, 39], [39, 40], [39, 41], [78, 79], [78, 81], [90, 91], [90, 95], [95, 99], [99, 111]], "missing_branches": [[37, 38], [95, 96], [99, 100], [100, 101], [100, 105]], "functions": {"read_source": {"executed_lines": [31, 32, 33, 36, 37, 39, 40, 41, 42, 43], "summary": {"covered_lines": 10, "num_statements": 11, "percent_covered": 89.47368421052632, "percent_covered_display": "89", "missing_lines": 1, "excluded_lines": 0, "percent_statements_covered": 90.9090909090909, "percent_statements_covered_display": "91", "num_branches": 8, "num_partial_branches": 1, "covered_branches": 7, "missing_branches": 1, "percent_branches_covered": 87.5, "percent_branches_covered_display": "88"}, "missing_lines": [38], "excluded_lines": [], "start_line": 15, "executed_branches": [[31, 32], [31, 33], [33, 36], [33, 37], [37, 39], [39, 40], [39, 41]], "missing_branches": [[37, 38]]}, "load_external_object": {"executed_lines": [65, 67, 69, 71, 72, 75, 77, 78, 79, 81, 82, 83], "summary": {"covered_lines": 12, "num_statements": 14, "percent_covered": 87.5, "percent_covered_display": "88", "missing_lines": 2, "excluded_lines": 0, "percent_statements_covered": 85.71428571428571, "percent_statements_covered_display": "86", "num_branches": 2, "num_partial_branches": 0, "covered_branches": 2, "missing_branches": 0, "percent_branches_covered": 100.0, "percent_branches_covered_display": "100"}, "missing_lines": [73, 74], "excluded_lines": [], "start_line": 51, "executed_branches": [[78, 79], [78, 81]], "missing_branches": []}, "_load_external_object_uncached": {"executed_lines": [90, 91, 93, 94, 95, 99, 111, 113], "summary": {"covered_lines": 8, "num_statements": 17, "percent_covered": 48.0, "percent_covered_display": "48", "missing_lines": 9, "excluded_lines": 0, "percent_statements_covered": 47.05882352941177, "percent_statements_covered_display": "47", "num_branches": 8, "num_partial_branches": 2, "covered_branches": 4, "missing_branches": 4, "percent_branches_covered": 50.0, "percent_branches_covered_display": "50"}, "missing_lines": [96, 98, 100, 101, 103, 105, 107, 108, 109], "excluded_lines": [], "start_line": 86, "executed_branches": [[90, 91], [90, 95], [95, 99], [99, 111]], "missing_branches": [[95, 96], [99, 100], [100, 101], [100, 105]]}, "": {"executed_lines": [3, 5, 7, 8, 10, 12, 15, 46, 51, 86], "summary": {"covered_lines": 10, "num_statements": 10, "percent_covered": 100.0, "percent_covered_display": "100", "missing_lines": 0, "excluded_lines": 0, "percent_statements_covered": 100.0, "percent_statements_covered_display": "100", "num_branches": 0, "num_partial_branches": 0, "covered_branches": 0, "missing_branches": 0, "percent_branches_covered": 100.0, "percent_branches_covered_display": "100"}, "missing_lines": [], "excluded_lines": [], "start_line": 1, "executed_branches": [], "missing_branches": []}}, "classes": {"": {"executed_lines": [3, 5, 7, 8, 10, 12, 15, 31, 32, 33, 36, 37, 39, 40, 41, 42, 43, 46, 51, 65, 67, 69, 71, 72, 75, 77, 78, 79, 81, 82, 83, 86, 90, 91, 93, 94, 95, 99, 111, 113], "summary": {"covered_lines": 40, "num_statements": 52, "percent_covered": 75.71428571428571, "percent_covered_display": "76", "missing_lines": 12, "excluded_lines": 0, "percent_statements_covered": 76.92307692307692, "percent_statements_covered_display": "77", "num_branches": 18, "num_partial_branches": 3, "covered_branches": 13, "missing_branches": 5, "percent_branches_covered": 72.22222222222223, "percent_branches_covered_display": "72"}, "missing_lines": [38, 73, 74, 96, 98, 100, 101, 103, 105, 107, 108, 109], "excluded_lines": [], "start_line": 1, "executed_branches": [[31, 32], [31, 33], [33, 36], [33, 37], [37, 39], [39, 40], [39, 41], [78, 79], [78, 81], [90, 91], [90, 95], [95, 99], [99, 111]], "missing_branches": [[37, 38], [95, 96], [99, 100], [100, 101], [100, 105]]}}}, "src/haute/_json_flatten.py": {"executed_lines": [18, 20, 21, 22, 23, 24, 25, 27, 33, 39, 40, 41, 44, 45, 50, 52, 53, 56, 58, 59, 65, 68, 71, 72, 73, 74, 75, 76, 77, 80, 82, 90, 92, 93, 94, 95, 96, 97, 98, 99, 100, 101, 104, 110, 111, 112, 116, 117, 120, 121, 122, 124, 125, 131, 132, 133, 134, 135, 138, 141, 148, 149, 150, 151, 152, 153, 161, 174, 175, 176, 178, 179, 180, 182, 184, 186, 188, 189, 190, 191, 192, 193, 194, 195, 196, 198, 201, 202, 206, 207, 209, 212, 218, 219, 220, 221, 222, 223, 224, 225, 226, 227, 228, 229, 230, 231, 233, 235, 236, 244, 252, 253, 254, 255, 256, 257, 258, 259, 260, 261, 262, 263, 265, 266, 267, 268, 269, 270, 271, 274, 284, 285, 286, 287, 288, 289, 290, 291, 292, 300, 306, 307, 308, 309, 310, 311, 312, 313, 314, 316, 317, 318, 319, 321, 325, 326, 329, 337, 339, 345, 356, 361, 362, 363, 364, 365, 366, 367, 368, 371, 377, 379, 380, 381, 383, 385, 386, 387, 388, 389, 390, 391, 393, 394, 395, 396, 397, 399, 400, 412, 417, 419, 426, 431, 448, 449, 451, 452, 453, 455, 456, 458, 459, 460, 461, 466, 468, 470, 471, 472, 475, 476, 477, 479, 480, 481, 482, 484, 485, 486, 487, 489, 493, 494, 496, 502, 504, 505, 507, 508, 515, 518, 523, 524, 525, 526, 527, 528, 529, 532, 558, 560, 562, 569, 571, 575, 577, 578, 579, 580, 581, 582, 583, 586, 590, 591, 592, 593, 594, 596, 597, 598, 600, 601, 602, 603, 605, 608, 631, 632, 634, 635, 638, 639, 641, 644, 645, 647, 653, 656, 657, 666, 669, 670, 672, 673, 674, 679, 685, 693, 703, 704, 706, 707, 708, 709, 710, 711, 712, 713, 714, 715, 717, 718, 719, 720, 721, 725, 726, 734, 739, 741, 742, 743, 744, 751, 754, 756, 757, 760, 762, 763, 764, 765, 766, 767, 768, 771, 781, 783, 784, 786, 787, 788, 789, 790, 791, 792, 793, 795, 803, 809, 812, 813, 814, 815, 816, 817, 818, 820, 821, 825, 828, 845, 847, 848, 850, 851, 852, 854, 855, 856, 858, 860, 861, 866, 874, 876, 877, 880, 882, 883, 886, 887, 888, 889, 890, 891, 892, 893, 896, 898, 900, 901, 902, 903, 904, 905, 906, 907, 918, 920, 921, 922, 923, 924, 927, 928, 931, 946, 947, 948, 950, 951, 952, 954, 955, 956, 957, 972, 973, 975, 977, 979, 980, 981, 982, 986], "summary": {"covered_lines": 418, "num_statements": 438, "percent_covered": 94.49838187702265, "percent_covered_display": "94", "missing_lines": 20, "excluded_lines": 3, "percent_statements_covered": 95.4337899543379, "percent_statements_covered_display": "95", "num_branches": 180, "num_partial_branches": 14, "covered_branches": 166, "missing_branches": 14, "percent_branches_covered": 92.22222222222223, "percent_branches_covered_display": "92"}, "missing_lines": [113, 315, 406, 469, 506, 649, 650, 651, 658, 662, 663, 664, 723, 810, 862, 863, 864, 962, 963, 964], "excluded_lines": [29, 30, 31], "executed_branches": [[71, 72], [71, 73], [73, 74], [73, 75], [75, 76], [75, 77], [92, 93], [92, 94], [94, 95], [94, 96], [96, 97], [96, 101], [98, 99], [98, 100], [110, 111], [110, 112], [112, 116], [116, 117], [116, 120], [120, 121], [120, 138], [124, 125], [124, 131], [131, 132], [133, 134], [133, 135], [148, 149], [148, 150], [151, 152], [151, 153], [174, 175], [174, 176], [178, 179], [178, 209], [182, 184], [182, 186], [186, 188], [186, 206], [190, 191], [190, 192], [193, 178], [193, 194], [196, 198], [196, 201], [219, 220], [219, 236], [221, 222], [221, 223], [223, 224], [223, 235], [226, 227], [226, 228], [228, 219], [228, 229], [230, 231], [230, 233], [252, 253], [252, 265], [254, -244], [254, 255], [256, 257], [256, 258], [262, 254], [262, 263], [266, 267], [266, 270], [267, -244], [267, 268], [268, 269], [270, 271], [286, 287], [286, 291], [289, 286], [289, 290], [307, 308], [307, 326], [309, 310], [309, 311], [311, 312], [311, 325], [314, 316], [316, 307], [316, 317], [318, 319], [318, 321], [362, 363], [362, 367], [364, 362], [364, 365], [367, -356], [367, 368], [385, 386], [385, 399], [387, 388], [387, 397], [388, 389], [388, 390], [390, 391], [390, 393], [399, 400], [459, -458], [459, 460], [468, 470], [471, 472], [471, 475], [480, 481], [480, 484], [484, 485], [484, 489], [505, 507], [524, 525], [524, 526], [526, 527], [526, 529], [527, 526], [527, 528], [569, 571], [569, 575], [575, 577], [575, 590], [579, 580], [579, 581], [582, -562], [582, 583], [590, -562], [590, 591], [593, 594], [593, 596], [600, 601], [600, 605], [638, 639], [638, 641], [647, 653], [672, 673], [672, 679], [706, 707], [706, 717], [708, 709], [708, 714], [710, 708], [710, 711], [712, 713], [718, 719], [718, 720], [720, 721], [741, 742], [741, 743], [762, 763], [762, 764], [765, 766], [765, 768], [766, 765], [766, 767], [809, 812], [812, 813], [812, 820], [814, 815], [817, 818], [851, 852], [851, 854], [854, 855], [854, 858], [901, 902], [901, 903], [921, 922], [921, 924]], "missing_branches": [[112, 113], [131, 138], [268, 267], [270, -244], [314, 315], [399, 406], [468, 469], [505, 506], [647, 649], [712, 708], [720, 723], [809, 810], [814, 820], [817, 820]], "functions": {"_set_flatten_progress": {"executed_lines": [52, 53], "summary": {"covered_lines": 2, "num_statements": 2, "percent_covered": 100.0, "percent_covered_display": "100", "missing_lines": 0, "excluded_lines": 0, "percent_statements_covered": 100.0, "percent_statements_covered_display": "100", "num_branches": 0, "num_partial_branches": 0, "covered_branches": 0, "missing_branches": 0, "percent_branches_covered": 100.0, "percent_branches_covered_display": "100"}, "missing_lines": [], "excluded_lines": [], "start_line": 50, "executed_branches": [], "missing_branches": []}, "_clear_flatten_progress": {"executed_lines": [58, 59], "summary": {"covered_lines": 2, "num_statements": 2, "percent_covered": 100.0, "percent_covered_display": "100", "missing_lines": 0, "excluded_lines": 0, "percent_statements_covered": 100.0, "percent_statements_covered_display": "100", "num_branches": 0, "num_partial_branches": 0, "covered_branches": 0, "missing_branches": 0, "percent_branches_covered": 100.0, "percent_branches_covered_display": "100"}, "missing_lines": [], "excluded_lines": [], "start_line": 56, "executed_branches": [], "missing_branches": []}, "_infer_type": {"executed_lines": [71, 72, 73, 74, 75, 76, 77], "summary": {"covered_lines": 7, "num_statements": 7, "percent_covered": 100.0, "percent_covered_display": "100", "missing_lines": 0, "excluded_lines": 0, "percent_statements_covered": 100.0, "percent_statements_covered_display": "100", "num_branches": 6, "num_partial_branches": 0, "covered_branches": 6, "missing_branches": 0, "percent_branches_covered": 100.0, "percent_branches_covered_display": "100"}, "missing_lines": [], "excluded_lines": [], "start_line": 68, "executed_branches": [[71, 72], [71, 73], [73, 74], [73, 75], [75, 76], [75, 77]], "missing_branches": []}, "_wider_type": {"executed_lines": [82], "summary": {"covered_lines": 1, "num_statements": 1, "percent_covered": 100.0, "percent_covered_display": "100", "missing_lines": 0, "excluded_lines": 0, "percent_statements_covered": 100.0, "percent_statements_covered_display": "100", "num_branches": 0, "num_partial_branches": 0, "covered_branches": 0, "missing_branches": 0, "percent_branches_covered": 100.0, "percent_branches_covered_display": "100"}, "missing_lines": [], "excluded_lines": [], "start_line": 80, "executed_branches": [], "missing_branches": []}, "_infer_schema_node": {"executed_lines": [92, 93, 94, 95, 96, 97, 98, 99, 100, 101], "summary": {"covered_lines": 10, "num_statements": 10, "percent_covered": 100.0, "percent_covered_display": "100", "missing_lines": 0, "excluded_lines": 0, "percent_statements_covered": 100.0, "percent_statements_covered_display": "100", "num_branches": 8, "num_partial_branches": 0, "covered_branches": 8, "missing_branches": 0, "percent_branches_covered": 100.0, "percent_branches_covered_display": "100"}, "missing_lines": [], "excluded_lines": [], "start_line": 90, "executed_branches": [[92, 93], [92, 94], [94, 95], [94, 96], [96, 97], [96, 101], [98, 99], [98, 100]], "missing_branches": []}, "_merge_schema_nodes": {"executed_lines": [110, 111, 112, 116, 117, 120, 121, 122, 124, 125, 131, 132, 133, 134, 135, 138], "summary": {"covered_lines": 16, "num_statements": 17, "percent_covered": 90.3225806451613, "percent_covered_display": "90", "missing_lines": 1, "excluded_lines": 0, "percent_statements_covered": 94.11764705882354, "percent_statements_covered_display": "94", "num_branches": 14, "num_partial_branches": 2, "covered_branches": 12, "missing_branches": 2, "percent_branches_covered": 85.71428571428571, "percent_branches_covered_display": "86"}, "missing_lines": [113], "excluded_lines": [], "start_line": 104, "executed_branches": [[110, 111], [110, 112], [112, 116], [116, 117], [116, 120], [120, 121], [120, 138], [124, 125], [124, 131], [131, 132], [133, 134], [133, 135]], "missing_branches": [[112, 113], [131, 138]]}, "infer_schema": {"executed_lines": [148, 149, 150, 151, 152, 153], "summary": {"covered_lines": 6, "num_statements": 6, "percent_covered": 100.0, "percent_covered_display": "100", "missing_lines": 0, "excluded_lines": 0, "percent_statements_covered": 100.0, "percent_statements_covered_display": "100", "num_branches": 4, "num_partial_branches": 0, "covered_branches": 4, "missing_branches": 0, "percent_branches_covered": 100.0, "percent_branches_covered_display": "100"}, "missing_lines": [], "excluded_lines": [], "start_line": 141, "executed_branches": [[148, 149], [148, 150], [151, 152], [151, 153]], "missing_branches": []}, "flatten": {"executed_lines": [174, 175, 176, 178, 179, 180, 182, 184, 186, 188, 189, 190, 191, 192, 193, 194, 195, 196, 198, 201, 202, 206, 207, 209], "summary": {"covered_lines": 24, "num_statements": 24, "percent_covered": 100.0, "percent_covered_display": "100", "missing_lines": 0, "excluded_lines": 0, "percent_statements_covered": 100.0, "percent_statements_covered_display": "100", "num_branches": 14, "num_partial_branches": 0, "covered_branches": 14, "missing_branches": 0, "percent_branches_covered": 100.0, "percent_branches_covered_display": "100"}, "missing_lines": [], "excluded_lines": [], "start_line": 161, "executed_branches": [[174, 175], [174, 176], [178, 179], [178, 209], [182, 184], [182, 186], [186, 188], [186, 206], [190, 191], [190, 192], [193, 178], [193, 194], [196, 198], [196, 201]], "missing_branches": []}, "schema_columns": {"executed_lines": [218, 219, 220, 221, 222, 223, 224, 225, 226, 227, 228, 229, 230, 231, 233, 235, 236], "summary": {"covered_lines": 17, "num_statements": 17, "percent_covered": 100.0, "percent_covered_display": "100", "missing_lines": 0, "excluded_lines": 0, "percent_statements_covered": 100.0, "percent_statements_covered_display": "100", "num_branches": 12, "num_partial_branches": 0, "covered_branches": 12, "missing_branches": 0, "percent_branches_covered": 100.0, "percent_branches_covered_display": "100"}, "missing_lines": [], "excluded_lines": [], "start_line": 212, "executed_branches": [[219, 220], [219, 236], [221, 222], [221, 223], [223, 224], [223, 235], [226, 227], [226, 228], [228, 219], [228, 229], [230, 231], [230, 233]], "missing_branches": []}, "_iter_json_records": {"executed_lines": [252, 253, 254, 255, 256, 257, 258, 259, 260, 261, 262, 263, 265, 266, 267, 268, 269, 270, 271], "summary": {"covered_lines": 19, "num_statements": 19, "percent_covered": 94.28571428571429, "percent_covered_display": "94", "missing_lines": 0, "excluded_lines": 0, "percent_statements_covered": 100.0, "percent_statements_covered_display": "100", "num_branches": 16, "num_partial_branches": 2, "covered_branches": 14, "missing_branches": 2, "percent_branches_covered": 87.5, "percent_branches_covered_display": "88"}, "missing_lines": [], "excluded_lines": [], "start_line": 244, "executed_branches": [[252, 253], [252, 265], [254, -244], [254, 255], [256, 257], [256, 258], [262, 254], [262, 263], [266, 267], [266, 270], [267, -244], [267, 268], [268, 269], [270, 271]], "missing_branches": [[268, 267], [270, -244]]}, "_infer_schema_streaming": {"executed_lines": [284, 285, 286, 287, 288, 289, 290, 291, 292], "summary": {"covered_lines": 9, "num_statements": 9, "percent_covered": 100.0, "percent_covered_display": "100", "missing_lines": 0, "excluded_lines": 0, "percent_statements_covered": 100.0, "percent_statements_covered_display": "100", "num_branches": 4, "num_partial_branches": 0, "covered_branches": 4, "missing_branches": 0, "percent_branches_covered": 100.0, "percent_branches_covered_display": "100"}, "missing_lines": [], "excluded_lines": [], "start_line": 274, "executed_branches": [[286, 287], [286, 291], [289, 286], [289, 290]], "missing_branches": []}, "_schema_leaf_types": {"executed_lines": [306, 307, 308, 309, 310, 311, 312, 313, 314, 316, 317, 318, 319, 321, 325, 326], "summary": {"covered_lines": 16, "num_statements": 17, "percent_covered": 93.10344827586206, "percent_covered_display": "93", "missing_lines": 1, "excluded_lines": 0, "percent_statements_covered": 94.11764705882354, "percent_statements_covered_display": "94", "num_branches": 12, "num_partial_branches": 1, "covered_branches": 11, "missing_branches": 1, "percent_branches_covered": 91.66666666666667, "percent_branches_covered_display": "92"}, "missing_lines": [315], "excluded_lines": [], "start_line": 300, "executed_branches": [[307, 308], [307, 326], [309, 310], [309, 311], [311, 312], [311, 325], [314, 316], [316, 307], [316, 317], [318, 319], [318, 321]], "missing_branches": [[314, 315]]}, "_arrow_schema_from_flatten": {"executed_lines": [337, 339, 345], "summary": {"covered_lines": 3, "num_statements": 3, "percent_covered": 100.0, "percent_covered_display": "100", "missing_lines": 0, "excluded_lines": 0, "percent_statements_covered": 100.0, "percent_statements_covered_display": "100", "num_branches": 0, "num_partial_branches": 0, "covered_branches": 0, "missing_branches": 0, "percent_branches_covered": 100.0, "percent_branches_covered_display": "100"}, "missing_lines": [], "excluded_lines": [], "start_line": 329, "executed_branches": [], "missing_branches": []}, "_chunked": {"executed_lines": [361, 362, 363, 364, 365, 366, 367, 368], "summary": {"covered_lines": 8, "num_statements": 8, "percent_covered": 100.0, "percent_covered_display": "100", "missing_lines": 0, "excluded_lines": 0, "percent_statements_covered": 100.0, "percent_statements_covered_display": "100", "num_branches": 6, "num_partial_branches": 0, "covered_branches": 6, "missing_branches": 0, "percent_branches_covered": 100.0, "percent_branches_covered_display": "100"}, "missing_lines": [], "excluded_lines": [], "start_line": 356, "executed_branches": [[362, 363], [362, 367], [364, 362], [364, 365], [367, -356], [367, 368]], "missing_branches": []}, "_coerce_to_arrow": {"executed_lines": [377, 379, 380, 381, 383, 385, 386, 387, 388, 389, 390, 391, 393, 394, 395, 396, 397, 399, 400], "summary": {"covered_lines": 19, "num_statements": 20, "percent_covered": 93.33333333333333, "percent_covered_display": "93", "missing_lines": 1, "excluded_lines": 0, "percent_statements_covered": 95.0, "percent_statements_covered_display": "95", "num_branches": 10, "num_partial_branches": 1, "covered_branches": 9, "missing_branches": 1, "percent_branches_covered": 90.0, "percent_branches_covered_display": "90"}, "missing_lines": [406], "excluded_lines": [], "start_line": 371, "executed_branches": [[385, 386], [385, 399], [387, 388], [387, 397], [388, 389], [388, 390], [390, 391], [390, 393], [399, 400]], "missing_branches": [[399, 406]]}, "_rows_to_batch": {"executed_lines": [417, 419, 426], "summary": {"covered_lines": 3, "num_statements": 3, "percent_covered": 100.0, "percent_covered_display": "100", "missing_lines": 0, "excluded_lines": 0, "percent_statements_covered": 100.0, "percent_statements_covered_display": "100", "num_branches": 0, "num_partial_branches": 0, "covered_branches": 0, "missing_branches": 0, "percent_branches_covered": 100.0, "percent_branches_covered_display": "100"}, "missing_lines": [], "excluded_lines": [], "start_line": 412, "executed_branches": [], "missing_branches": []}, "_flatten_and_write_streaming": {"executed_lines": [448, 449, 451, 452, 453, 455, 456, 458, 466, 479, 480, 481, 482, 484, 485, 486, 487, 489, 493, 494, 496, 502, 504, 505, 507, 508], "summary": {"covered_lines": 26, "num_statements": 27, "percent_covered": 93.93939393939394, "percent_covered_display": "94", "missing_lines": 1, "excluded_lines": 0, "percent_statements_covered": 96.29629629629629, "percent_statements_covered_display": "96", "num_branches": 6, "num_partial_branches": 1, "covered_branches": 5, "missing_branches": 1, "percent_branches_covered": 83.33333333333333, "percent_branches_covered_display": "83"}, "missing_lines": [506], "excluded_lines": [], "start_line": 431, "executed_branches": [[480, 481], [480, 484], [484, 485], [484, 489], [505, 507]], "missing_branches": [[505, 506]]}, "_flatten_and_write_streaming._update_progress": {"executed_lines": [459, 460, 461], "summary": {"covered_lines": 3, "num_statements": 3, "percent_covered": 100.0, "percent_covered_display": "100", "missing_lines": 0, "excluded_lines": 0, "percent_statements_covered": 100.0, "percent_statements_covered_display": "100", "num_branches": 2, "num_partial_branches": 0, "covered_branches": 2, "missing_branches": 0, "percent_branches_covered": 100.0, "percent_branches_covered_display": "100"}, "missing_lines": [], "excluded_lines": [], "start_line": 458, "executed_branches": [[459, -458], [459, 460]], "missing_branches": []}, "_flatten_and_write_streaming._write_rows": {"executed_lines": [468, 470, 471, 472, 475, 476, 477], "summary": {"covered_lines": 7, "num_statements": 8, "percent_covered": 83.33333333333333, "percent_covered_display": "83", "missing_lines": 1, "excluded_lines": 0, "percent_statements_covered": 87.5, "percent_statements_covered_display": "88", "num_branches": 4, "num_partial_branches": 1, "covered_branches": 3, "missing_branches": 1, "percent_branches_covered": 75.0, "percent_branches_covered_display": "75"}, "missing_lines": [469], "excluded_lines": [], "start_line": 466, "executed_branches": [[468, 470], [471, 472], [471, 475]], "missing_branches": [[468, 469]]}, "_struct_field_dtype": {"executed_lines": [523, 524, 525, 526, 527, 528, 529], "summary": {"covered_lines": 7, "num_statements": 7, "percent_covered": 100.0, "percent_covered_display": "100", "missing_lines": 0, "excluded_lines": 0, "percent_statements_covered": 100.0, "percent_statements_covered_display": "100", "num_branches": 6, "num_partial_branches": 0, "covered_branches": 6, "missing_branches": 0, "percent_branches_covered": 100.0, "percent_branches_covered_display": "100"}, "missing_lines": [], "excluded_lines": [], "start_line": 518, "executed_branches": [[524, 525], [524, 526], [526, 527], [526, 529], [527, 526], [527, 528]], "missing_branches": []}, "_build_polars_exprs": {"executed_lines": [558, 560, 562, 600, 601, 602, 603, 605], "summary": {"covered_lines": 8, "num_statements": 8, "percent_covered": 100.0, "percent_covered_display": "100", "missing_lines": 0, "excluded_lines": 0, "percent_statements_covered": 100.0, "percent_statements_covered_display": "100", "num_branches": 2, "num_partial_branches": 0, "covered_branches": 2, "missing_branches": 0, "percent_branches_covered": 100.0, "percent_branches_covered_display": "100"}, "missing_lines": [], "excluded_lines": [], "start_line": 532, "executed_branches": [[600, 601], [600, 605]], "missing_branches": []}, "_build_polars_exprs._walk": {"executed_lines": [569, 571, 575, 577, 578, 579, 580, 581, 582, 583, 586, 590, 591, 592, 593, 594, 596, 597, 598], "summary": {"covered_lines": 19, "num_statements": 19, "percent_covered": 100.0, "percent_covered_display": "100", "missing_lines": 0, "excluded_lines": 0, "percent_statements_covered": 100.0, "percent_statements_covered_display": "100", "num_branches": 12, "num_partial_branches": 0, "covered_branches": 12, "missing_branches": 0, "percent_branches_covered": 100.0, "percent_branches_covered_display": "100"}, "missing_lines": [], "excluded_lines": [], "start_line": 562, "executed_branches": [[569, 571], [569, 575], [575, 577], [575, 590], [579, 580], [579, 581], [582, -562], [582, 583], [590, -562], [590, 591], [593, 594], [593, 596]], "missing_branches": []}, "_flatten_with_polars": {"executed_lines": [631, 632, 634, 635, 638, 639, 641, 644, 645, 647, 653, 656, 657, 666, 669, 670, 672, 673, 674, 679, 685], "summary": {"covered_lines": 21, "num_statements": 28, "percent_covered": 76.47058823529412, "percent_covered_display": "76", "missing_lines": 7, "excluded_lines": 0, "percent_statements_covered": 75.0, "percent_statements_covered_display": "75", "num_branches": 6, "num_partial_branches": 1, "covered_branches": 5, "missing_branches": 1, "percent_branches_covered": 83.33333333333333, "percent_branches_covered_display": "83"}, "missing_lines": [649, 650, 651, 658, 662, 663, 664], "excluded_lines": [], "start_line": 608, "executed_branches": [[638, 639], [638, 641], [647, 653], [672, 673], [672, 679]], "missing_branches": [[647, 649]]}, "load_samples": {"executed_lines": [703, 704, 706, 707, 708, 709, 710, 711, 712, 713, 714, 715, 717, 718, 719, 720, 721, 725, 726], "summary": {"covered_lines": 19, "num_statements": 20, "percent_covered": 90.625, "percent_covered_display": "91", "missing_lines": 1, "excluded_lines": 0, "percent_statements_covered": 95.0, "percent_statements_covered_display": "95", "num_branches": 12, "num_partial_branches": 2, "covered_branches": 10, "missing_branches": 2, "percent_branches_covered": 83.33333333333333, "percent_branches_covered_display": "83"}, "missing_lines": [723], "excluded_lines": [], "start_line": 693, "executed_branches": [[706, 707], [706, 717], [708, 709], [708, 714], [710, 708], [710, 711], [712, 713], [718, 719], [718, 720], [720, 721]], "missing_branches": [[712, 708], [720, 723]]}, "flatten_to_frame": {"executed_lines": [739, 741, 742, 743, 744], "summary": {"covered_lines": 5, "num_statements": 5, "percent_covered": 100.0, "percent_covered_display": "100", "missing_lines": 0, "excluded_lines": 0, "percent_statements_covered": 100.0, "percent_statements_covered_display": "100", "num_branches": 2, "num_partial_branches": 0, "covered_branches": 2, "missing_branches": 0, "percent_branches_covered": 100.0, "percent_branches_covered_display": "100"}, "missing_lines": [], "excluded_lines": [], "start_line": 734, "executed_branches": [[741, 742], [741, 743]], "missing_branches": []}, "_json_cache_path": {"executed_lines": [756, 757], "summary": {"covered_lines": 2, "num_statements": 2, "percent_covered": 100.0, "percent_covered_display": "100", "missing_lines": 0, "excluded_lines": 0, "percent_statements_covered": 100.0, "percent_statements_covered_display": "100", "num_branches": 0, "num_partial_branches": 0, "covered_branches": 0, "missing_branches": 0, "percent_branches_covered": 100.0, "percent_branches_covered_display": "100"}, "missing_lines": [], "excluded_lines": [], "start_line": 754, "executed_branches": [], "missing_branches": []}, "_is_cache_valid": {"executed_lines": [762, 763, 764, 765, 766, 767, 768], "summary": {"covered_lines": 7, "num_statements": 7, "percent_covered": 100.0, "percent_covered_display": "100", "missing_lines": 0, "excluded_lines": 0, "percent_statements_covered": 100.0, "percent_statements_covered_display": "100", "num_branches": 6, "num_partial_branches": 0, "covered_branches": 6, "missing_branches": 0, "percent_branches_covered": 100.0, "percent_branches_covered_display": "100"}, "missing_lines": [], "excluded_lines": [], "start_line": 760, "executed_branches": [[762, 763], [762, 764], [765, 766], [765, 768], [766, 765], [766, 767]], "missing_branches": []}, "_flatten_and_write": {"executed_lines": [781, 783, 784, 786, 787, 788, 789, 790, 791, 792, 793, 795], "summary": {"covered_lines": 12, "num_statements": 12, "percent_covered": 100.0, "percent_covered_display": "100", "missing_lines": 0, "excluded_lines": 0, "percent_statements_covered": 100.0, "percent_statements_covered_display": "100", "num_branches": 0, "num_partial_branches": 0, "covered_branches": 0, "missing_branches": 0, "percent_branches_covered": 100.0, "percent_branches_covered_display": "100"}, "missing_lines": [], "excluded_lines": [], "start_line": 771, "executed_branches": [], "missing_branches": []}, "_resolve_flatten_schema": {"executed_lines": [809, 812, 813, 814, 815, 816, 817, 818, 820, 821, 825], "summary": {"covered_lines": 11, "num_statements": 12, "percent_covered": 80.0, "percent_covered_display": "80", "missing_lines": 1, "excluded_lines": 0, "percent_statements_covered": 91.66666666666667, "percent_statements_covered_display": "92", "num_branches": 8, "num_partial_branches": 3, "covered_branches": 5, "missing_branches": 3, "percent_branches_covered": 62.5, "percent_branches_covered_display": "62"}, "missing_lines": [810], "excluded_lines": [], "start_line": 803, "executed_branches": [[809, 812], [812, 813], [812, 820], [814, 815], [817, 818]], "missing_branches": [[809, 810], [814, 820], [817, 820]]}, "read_json_flat": {"executed_lines": [845, 847, 848, 850, 851, 852, 854, 855, 856, 858, 860, 861, 866], "summary": {"covered_lines": 13, "num_statements": 16, "percent_covered": 85.0, "percent_covered_display": "85", "missing_lines": 3, "excluded_lines": 0, "percent_statements_covered": 81.25, "percent_statements_covered_display": "81", "num_branches": 4, "num_partial_branches": 0, "covered_branches": 4, "missing_branches": 0, "percent_branches_covered": 100.0, "percent_branches_covered_display": "100"}, "missing_lines": [862, 863, 864], "excluded_lines": [], "start_line": 828, "executed_branches": [[851, 852], [851, 854], [854, 855], [854, 858]], "missing_branches": []}, "is_large_json": {"executed_lines": [876, 877], "summary": {"covered_lines": 2, "num_statements": 2, "percent_covered": 100.0, "percent_covered_display": "100", "missing_lines": 0, "excluded_lines": 0, "percent_statements_covered": 100.0, "percent_statements_covered_display": "100", "num_branches": 0, "num_partial_branches": 0, "covered_branches": 0, "missing_branches": 0, "percent_branches_covered": 100.0, "percent_branches_covered_display": "100"}, "missing_lines": [], "excluded_lines": [], "start_line": 874, "executed_branches": [], "missing_branches": []}, "flatten_progress": {"executed_lines": [882, 883], "summary": {"covered_lines": 2, "num_statements": 2, "percent_covered": 100.0, "percent_covered_display": "100", "missing_lines": 0, "excluded_lines": 0, "percent_statements_covered": 100.0, "percent_statements_covered_display": "100", "num_branches": 0, "num_partial_branches": 0, "covered_branches": 0, "missing_branches": 0, "percent_branches_covered": 100.0, "percent_branches_covered_display": "100"}, "missing_lines": [], "excluded_lines": [], "start_line": 880, "executed_branches": [], "missing_branches": []}, "json_cache_info": {"executed_lines": [898, 900, 901, 902, 903, 904, 905, 906, 907], "summary": {"covered_lines": 9, "num_statements": 9, "percent_covered": 100.0, "percent_covered_display": "100", "missing_lines": 0, "excluded_lines": 0, "percent_statements_covered": 100.0, "percent_statements_covered_display": "100", "num_branches": 2, "num_partial_branches": 0, "covered_branches": 2, "missing_branches": 0, "percent_branches_covered": 100.0, "percent_branches_covered_display": "100"}, "missing_lines": [], "excluded_lines": [], "start_line": 896, "executed_branches": [[901, 902], [901, 903]], "missing_branches": []}, "clear_json_cache": {"executed_lines": [920, 921, 922, 923, 924], "summary": {"covered_lines": 5, "num_statements": 5, "percent_covered": 100.0, "percent_covered_display": "100", "missing_lines": 0, "excluded_lines": 0, "percent_statements_covered": 100.0, "percent_statements_covered_display": "100", "num_branches": 2, "num_partial_branches": 0, "covered_branches": 2, "missing_branches": 0, "percent_branches_covered": 100.0, "percent_branches_covered_display": "100"}, "missing_lines": [], "excluded_lines": [], "start_line": 918, "executed_branches": [[921, 922], [921, 924]], "missing_branches": []}, "build_json_cache": {"executed_lines": [946, 947, 948, 950, 951, 952, 954, 955, 956, 957, 972, 973, 975, 977, 979, 980, 981, 982, 986], "summary": {"covered_lines": 19, "num_statements": 22, "percent_covered": 86.36363636363636, "percent_covered_display": "86", "missing_lines": 3, "excluded_lines": 0, "percent_statements_covered": 86.36363636363636, "percent_statements_covered_display": "86", "num_branches": 0, "num_partial_branches": 0, "covered_branches": 0, "missing_branches": 0, "percent_branches_covered": 100.0, "percent_branches_covered_display": "100"}, "missing_lines": [962, 963, 964], "excluded_lines": [], "start_line": 931, "executed_branches": [], "missing_branches": []}, "": {"executed_lines": [18, 20, 21, 22, 23, 24, 25, 27, 33, 39, 40, 41, 44, 45, 50, 56, 65, 68, 80, 90, 104, 141, 161, 212, 244, 274, 300, 329, 356, 371, 412, 431, 515, 518, 532, 608, 693, 734, 751, 754, 760, 771, 803, 828, 874, 880, 886, 887, 888, 889, 890, 891, 892, 893, 896, 918, 927, 928, 931], "summary": {"covered_lines": 59, "num_statements": 59, "percent_covered": 100.0, "percent_covered_display": "100", "missing_lines": 0, "excluded_lines": 3, "percent_statements_covered": 100.0, "percent_statements_covered_display": "100", "num_branches": 0, "num_partial_branches": 0, "covered_branches": 0, "missing_branches": 0, "percent_branches_covered": 100.0, "percent_branches_covered_display": "100"}, "missing_lines": [], "excluded_lines": [29, 30, 31], "start_line": 1, "executed_branches": [], "missing_branches": []}}, "classes": {"JsonCacheInfoDict": {"executed_lines": [], "summary": {"covered_lines": 0, "num_statements": 0, "percent_covered": 100.0, "percent_covered_display": "100", "missing_lines": 0, "excluded_lines": 0, "percent_statements_covered": 100.0, "percent_statements_covered_display": "100", "num_branches": 0, "num_partial_branches": 0, "covered_branches": 0, "missing_branches": 0, "percent_branches_covered": 100.0, "percent_branches_covered_display": "100"}, "missing_lines": [], "excluded_lines": [], "start_line": 886, "executed_branches": [], "missing_branches": []}, "JsonBuildResultDict": {"executed_lines": [], "summary": {"covered_lines": 0, "num_statements": 0, "percent_covered": 100.0, "percent_covered_display": "100", "missing_lines": 0, "excluded_lines": 0, "percent_statements_covered": 100.0, "percent_statements_covered_display": "100", "num_branches": 0, "num_partial_branches": 0, "covered_branches": 0, "missing_branches": 0, "percent_branches_covered": 100.0, "percent_branches_covered_display": "100"}, "missing_lines": [], "excluded_lines": [], "start_line": 927, "executed_branches": [], "missing_branches": []}, "": {"executed_lines": [18, 20, 21, 22, 23, 24, 25, 27, 33, 39, 40, 41, 44, 45, 50, 52, 53, 56, 58, 59, 65, 68, 71, 72, 73, 74, 75, 76, 77, 80, 82, 90, 92, 93, 94, 95, 96, 97, 98, 99, 100, 101, 104, 110, 111, 112, 116, 117, 120, 121, 122, 124, 125, 131, 132, 133, 134, 135, 138, 141, 148, 149, 150, 151, 152, 153, 161, 174, 175, 176, 178, 179, 180, 182, 184, 186, 188, 189, 190, 191, 192, 193, 194, 195, 196, 198, 201, 202, 206, 207, 209, 212, 218, 219, 220, 221, 222, 223, 224, 225, 226, 227, 228, 229, 230, 231, 233, 235, 236, 244, 252, 253, 254, 255, 256, 257, 258, 259, 260, 261, 262, 263, 265, 266, 267, 268, 269, 270, 271, 274, 284, 285, 286, 287, 288, 289, 290, 291, 292, 300, 306, 307, 308, 309, 310, 311, 312, 313, 314, 316, 317, 318, 319, 321, 325, 326, 329, 337, 339, 345, 356, 361, 362, 363, 364, 365, 366, 367, 368, 371, 377, 379, 380, 381, 383, 385, 386, 387, 388, 389, 390, 391, 393, 394, 395, 396, 397, 399, 400, 412, 417, 419, 426, 431, 448, 449, 451, 452, 453, 455, 456, 458, 459, 460, 461, 466, 468, 470, 471, 472, 475, 476, 477, 479, 480, 481, 482, 484, 485, 486, 487, 489, 493, 494, 496, 502, 504, 505, 507, 508, 515, 518, 523, 524, 525, 526, 527, 528, 529, 532, 558, 560, 562, 569, 571, 575, 577, 578, 579, 580, 581, 582, 583, 586, 590, 591, 592, 593, 594, 596, 597, 598, 600, 601, 602, 603, 605, 608, 631, 632, 634, 635, 638, 639, 641, 644, 645, 647, 653, 656, 657, 666, 669, 670, 672, 673, 674, 679, 685, 693, 703, 704, 706, 707, 708, 709, 710, 711, 712, 713, 714, 715, 717, 718, 719, 720, 721, 725, 726, 734, 739, 741, 742, 743, 744, 751, 754, 756, 757, 760, 762, 763, 764, 765, 766, 767, 768, 771, 781, 783, 784, 786, 787, 788, 789, 790, 791, 792, 793, 795, 803, 809, 812, 813, 814, 815, 816, 817, 818, 820, 821, 825, 828, 845, 847, 848, 850, 851, 852, 854, 855, 856, 858, 860, 861, 866, 874, 876, 877, 880, 882, 883, 886, 887, 888, 889, 890, 891, 892, 893, 896, 898, 900, 901, 902, 903, 904, 905, 906, 907, 918, 920, 921, 922, 923, 924, 927, 928, 931, 946, 947, 948, 950, 951, 952, 954, 955, 956, 957, 972, 973, 975, 977, 979, 980, 981, 982, 986], "summary": {"covered_lines": 418, "num_statements": 438, "percent_covered": 94.49838187702265, "percent_covered_display": "94", "missing_lines": 20, "excluded_lines": 3, "percent_statements_covered": 95.4337899543379, "percent_statements_covered_display": "95", "num_branches": 180, "num_partial_branches": 14, "covered_branches": 166, "missing_branches": 14, "percent_branches_covered": 92.22222222222223, "percent_branches_covered_display": "92"}, "missing_lines": [113, 315, 406, 469, 506, 649, 650, 651, 658, 662, 663, 664, 723, 810, 862, 863, 864, 962, 963, 964], "excluded_lines": [29, 30, 31], "start_line": 1, "executed_branches": [[71, 72], [71, 73], [73, 74], [73, 75], [75, 76], [75, 77], [92, 93], [92, 94], [94, 95], [94, 96], [96, 97], [96, 101], [98, 99], [98, 100], [110, 111], [110, 112], [112, 116], [116, 117], [116, 120], [120, 121], [120, 138], [124, 125], [124, 131], [131, 132], [133, 134], [133, 135], [148, 149], [148, 150], [151, 152], [151, 153], [174, 175], [174, 176], [178, 179], [178, 209], [182, 184], [182, 186], [186, 188], [186, 206], [190, 191], [190, 192], [193, 178], [193, 194], [196, 198], [196, 201], [219, 220], [219, 236], [221, 222], [221, 223], [223, 224], [223, 235], [226, 227], [226, 228], [228, 219], [228, 229], [230, 231], [230, 233], [252, 253], [252, 265], [254, -244], [254, 255], [256, 257], [256, 258], [262, 254], [262, 263], [266, 267], [266, 270], [267, -244], [267, 268], [268, 269], [270, 271], [286, 287], [286, 291], [289, 286], [289, 290], [307, 308], [307, 326], [309, 310], [309, 311], [311, 312], [311, 325], [314, 316], [316, 307], [316, 317], [318, 319], [318, 321], [362, 363], [362, 367], [364, 362], [364, 365], [367, -356], [367, 368], [385, 386], [385, 399], [387, 388], [387, 397], [388, 389], [388, 390], [390, 391], [390, 393], [399, 400], [459, -458], [459, 460], [468, 470], [471, 472], [471, 475], [480, 481], [480, 484], [484, 485], [484, 489], [505, 507], [524, 525], [524, 526], [526, 527], [526, 529], [527, 526], [527, 528], [569, 571], [569, 575], [575, 577], [575, 590], [579, 580], [57
[...]
atements_covered_display": "83", "num_branches": 6, "num_partial_branches": 1, "covered_branches": 5, "missing_branches": 1, "percent_branches_covered": 83.33333333333333, "percent_branches_covered_display": "83"}, "missing_lines": [92, 93, 94, 101], "excluded_lines": [], "start_line": 81, "executed_branches": [[111, 112], [111, 113], [113, 114], [113, 115], [115, 116]], "missing_branches": [[115, 118]]}, "ws_sync": {"executed_lines": [156, 157, 158, 159, 160, 161, 162, 163, 165, 166], "summary": {"covered_lines": 10, "num_statements": 10, "percent_covered": 100.0, "percent_covered_display": "100", "missing_lines": 0, "excluded_lines": 0, "percent_statements_covered": 100.0, "percent_statements_covered_display": "100", "num_branches": 0, "num_partial_branches": 0, "covered_branches": 0, "missing_branches": 0, "percent_branches_covered": 100.0, "percent_branches_covered_display": "100"}, "missing_lines": [], "excluded_lines": [], "start_line": 154, "executed_branches": [], "missing_branches": []}, "_file_watcher": {"executed_lines": [185, 186, 191, 192, 193, 194, 196, 197, 200, 202, 203, 205, 286, 288, 289, 291], "summary": {"covered_lines": 16, "num_statements": 22, "percent_covered": 70.0, "percent_covered_display": "70", "missing_lines": 6, "excluded_lines": 0, "percent_statements_covered": 72.72727272727273, "percent_statements_covered_display": "73", "num_branches": 8, "num_partial_branches": 3, "covered_branches": 5, "missing_branches": 3, "percent_branches_covered": 62.5, "percent_branches_covered_display": "62"}, "missing_lines": [187, 188, 189, 195, 198, 290], "excluded_lines": [], "start_line": 179, "executed_branches": [[194, 196], [197, 200], [286, -179], [286, 288], [289, 291]], "missing_branches": [[194, 195], [197, 198], [289, 290]]}, "_file_watcher._flush": {"executed_lines": [207, 209, 210, 211, 214, 215, 216, 217, 218, 219, 222, 225, 226, 227, 230, 232, 233, 236, 240, 247, 248, 249, 250, 252, 254, 255, 256, 257, 258, 259, 262, 263, 270, 271], "summary": {"covered_lines": 34, "num_statements": 46, "percent_covered": 72.05882352941177, "percent_covered_display": "72", "missing_lines": 12, "excluded_lines": 0, "percent_statements_covered": 73.91304347826087, "percent_statements_covered_display": "74", "num_branches": 22, "num_partial_branches": 7, "covered_branches": 15, "missing_branches": 7, "percent_branches_covered": 68.18181818181819, "percent_branches_covered_display": "68"}, "missing_lines": [220, 223, 224, 228, 237, 241, 251, 260, 261, 276, 277, 278], "excluded_lines": [], "start_line": 205, "executed_branches": [[209, 210], [209, 214], [217, 218], [217, 232], [219, 222], [222, 225], [225, 226], [225, 227], [227, 230], [236, 240], [240, 247], [248, -205], [248, 249], [250, 252], [259, 262]], "missing_branches": [[219, 220], [222, 223], [227, 228], [236, 237], [240, 241], [250, 251], [259, 260]]}, "serve_spa": {"executed_lines": [], "summary": {"covered_lines": 0, "num_statements": 4, "percent_covered": 0.0, "percent_covered_display": "0", "missing_lines": 4, "excluded_lines": 0, "percent_statements_covered": 0.0, "percent_statements_covered_display": "0", "num_branches": 2, "num_partial_branches": 0, "covered_branches": 0, "missing_branches": 2, "percent_branches_covered": 0.0, "percent_branches_covered_display": "0"}, "missing_lines": [304, 305, 306, 307], "excluded_lines": [], "start_line": 302, "executed_branches": [], "missing_branches": [[305, 306], [305, 307]]}, "": {"executed_lines": [11, 12, 13, 14, 15, 16, 17, 18, 20, 21, 22, 23, 24, 26, 27, 28, 37, 38, 39, 40, 41, 42, 43, 44, 46, 47, 49, 52, 60, 61, 75, 78, 81, 121, 124, 138, 139, 140, 141, 142, 143, 144, 145, 153, 154, 174, 176, 179, 298, 299, 301, 302], "summary": {"covered_lines": 52, "num_statements": 54, "percent_covered": 93.10344827586206, "percent_covered_display": "93", "missing_lines": 2, "excluded_lines": 0, "percent_statements_covered": 96.29629629629629, "percent_statements_covered_display": "96", "num_branches": 4, "num_partial_branches": 2, "covered_branches": 2, "missing_branches": 2, "percent_branches_covered": 50.0, "percent_branches_covered_display": "50"}, "missing_lines": [125, 127], "excluded_lines": [], "start_line": 1, "executed_branches": [[124, 138], [298, 299]], "missing_branches": [[124, 125], [298, -1]]}}, "classes": {"_RequestIdMiddleware": {"executed_lines": [82, 83, 84, 86, 87, 88, 90, 91, 106, 107, 108, 110, 111, 112, 113, 114, 115, 116, 118], "summary": {"covered_lines": 19, "num_statements": 23, "percent_covered": 82.75862068965517, "percent_covered_display": "83", "missing_lines": 4, "excluded_lines": 0, "percent_statements_covered": 82.6086956521739, "percent_statements_covered_display": "83", "num_branches": 6, "num_partial_branches": 1, "covered_branches": 5, "missing_branches": 1, "percent_branches_covered": 83.33333333333333, "percent_branches_covered_display": "83"}, "missing_lines": [92, 93, 94, 101], "excluded_lines": [], "start_line": 78, "executed_branches": [[111, 112], [111, 113], [113, 114], [113, 115], [115, 116]], "missing_branches": [[115, 118]]}, "": {"executed_lines": [11, 12, 13, 14, 15, 16, 17, 18, 20, 21, 22, 23, 24, 26, 27, 28, 37, 38, 39, 40, 41, 42, 43, 44, 46, 47, 49, 52, 60, 61, 75, 78, 81, 121, 124, 138, 139, 140, 141, 142, 143, 144, 145, 153, 154, 156, 157, 158, 159, 160, 161, 162, 163, 165, 166, 174, 176, 179, 185, 186, 191, 192, 193, 194, 196, 197, 200, 202, 203, 205, 207, 209, 210, 211, 214, 215, 216, 217, 218, 219, 222, 225, 226, 227, 230, 232, 233, 236, 240, 247, 248, 249, 250, 252, 254, 255, 256, 257, 258, 259, 262, 263, 270, 271, 286, 288, 289, 291, 298, 299, 301, 302], "summary": {"covered_lines": 112, "num_statements": 148, "percent_covered": 71.27659574468085, "percent_covered_display": "71", "missing_lines": 36, "excluded_lines": 0, "percent_statements_covered": 75.67567567567568, "percent_statements_covered_display": "76", "num_branches": 40, "num_partial_branches": 12, "covered_branches": 22, "missing_branches": 18, "percent_branches_covered": 55.0, "percent_branches_covered_display": "55"}, "missing_lines": [54, 55, 56, 57, 62, 64, 65, 66, 69, 70, 71, 72, 125, 127, 187, 188, 189, 195, 198, 220, 223, 224, 228, 237, 241, 251, 260, 261, 276, 277, 278, 290, 304, 305, 306, 307], "excluded_lines": [], "start_line": 1, "executed_branches": [[124, 138], [194, 196], [197, 200], [209, 210], [209, 214], [217, 218], [217, 232], [219, 222], [222, 225], [225, 226], [225, 227], [227, 230], [236, 240], [240, 247], [248, -205], [248, 249], [250, 252], [259, 262], [286, -179], [286, 288], [289, 291], [298, 299]], "missing_branches": [[56, -52], [56, 57], [71, -60], [71, 72], [124, 125], [194, 195], [197, 198], [219, 220], [222, 223], [227, 228], [236, 237], [240, 241], [250, 251], [259, 260], [289, 290], [298, -1], [305, 306], [305, 307]]}}}, "src/haute/trace.py": {"executed_lines": [21, 23, 24, 25, 26, 27, 29, 31, 32, 33, 42, 49, 50, 53, 54, 55, 56, 59, 60, 63, 64, 65, 68, 71, 72, 75, 78, 81, 82, 85, 86, 87, 88, 90, 93, 94, 97, 98, 99, 107, 112, 114, 121, 122, 124, 125, 127, 128, 129, 130, 131, 133, 134, 136, 138, 146, 147, 150, 152, 153, 154, 155, 156, 157, 160, 161, 172, 175, 178, 179, 180, 181, 182, 183, 184, 185, 187, 188, 189, 190, 193, 201, 223, 225, 226, 228, 229, 232, 233, 234, 235, 236, 243, 245, 246, 247, 248, 249, 255, 256, 257, 258, 259, 261, 262, 269, 270, 280, 283, 284, 285, 286, 289, 290, 291, 292, 293, 294, 295, 298, 299, 300, 301, 302, 307, 309, 310, 311, 312, 313, 315, 318, 319, 321, 322, 323, 324, 325, 329, 331, 343, 357, 358, 361, 365, 366, 367, 368, 369, 370, 371, 372, 373, 375, 380, 381, 384, 385, 386, 387, 388, 389, 390, 392, 394, 404, 423, 429, 430, 431, 444, 446], "summary": {"covered_lines": 172, "num_statements": 174, "percent_covered": 97.32142857142857, "percent_covered_display": "97", "missing_lines": 2, "excluded_lines": 0, "percent_statements_covered": 98.85057471264368, "percent_statements_covered_display": "99", "num_branches": 50, "num_partial_branches": 4, "covered_branches": 46, "missing_branches": 4, "percent_branches_covered": 92.0, "percent_branches_covered_display": "92"}, "missing_lines": [304, 327], "excluded_lines": [], "executed_branches": [[112, 114], [112, 121], [129, 130], [129, 138], [133, 134], [133, 136], [153, 154], [153, 161], [154, 155], [154, 156], [156, 157], [156, 160], [228, 229], [228, 232], [232, 233], [232, 235], [235, 236], [235, 243], [247, 248], [247, 261], [261, 262], [261, 298], [299, 300], [299, 307], [301, 302], [309, 310], [309, 343], [318, 319], [318, 321], [322, 323], [324, 325], [324, 329], [357, 358], [357, 380], [366, 367], [368, 369], [368, 375], [370, 368], [370, 371], [371, 372], [386, 387], [386, 392], [387, 386], [387, 388], [429, -423], [429, 430]], "missing_branches": [[301, 304], [322, 327], [366, 375], [371, 370]], "functions": {"_compute_schema_diff": {"executed_lines": [112, 114, 121, 122, 124, 125, 127, 128, 129, 130, 131, 133, 134, 136, 138], "summary": {"covered_lines": 15, "num_statements": 15, "percent_covered": 100.0, "percent_covered_display": "100", "missing_lines": 0, "excluded_lines": 0, "percent_statements_covered": 100.0, "percent_statements_covered_display": "100", "num_branches": 6, "num_partial_branches": 0, "covered_branches": 6, "missing_branches": 0, "percent_branches_covered": 100.0, "percent_branches_covered_display": "100"}, "missing_lines": [], "excluded_lines": [], "start_line": 107, "executed_branches": [[112, 114], [112, 121], [129, 130], [129, 138], [133, 134], [133, 136]], "missing_branches": []}, "_is_nan": {"executed_lines": [147], "summary": {"covered_lines": 1, "num_statements": 1, "percent_covered": 100.0, "percent_covered_display": "100", "missing_lines": 0, "excluded_lines": 0, "percent_statements_covered": 100.0, "percent_statements_covered_display": "100", "num_branches": 0, "num_partial_branches": 0, "covered_branches": 0, "missing_branches": 0, "percent_branches_covered": 100.0, "percent_branches_covered_display": "100"}, "missing_lines": [], "excluded_lines": [], "start_line": 146, "executed_branches": [], "missing_branches": []}, "_jsonify_row": {"executed_lines": [152, 153, 154, 155, 156, 157, 160, 161], "summary": {"covered_lines": 8, "num_statements": 8, "percent_covered": 100.0, "percent_covered_display": "100", "missing_lines": 0, "excluded_lines": 0, "percent_statements_covered": 100.0, "percent_statements_covered_display": "100", "num_branches": 6, "num_partial_branches": 0, "covered_branches": 6, "missing_branches": 0, "percent_branches_covered": 100.0, "percent_branches_covered_display": "100"}, "missing_lines": [], "excluded_lines": [], "start_line": 150, "executed_branches": [[153, 154], [153, 161], [154, 155], [154, 156], [156, 157], [156, 160]], "missing_branches": []}, "_TraceCache.__init__": {"executed_lines": [179, 180, 181, 182, 183, 184, 185], "summary": {"covered_lines": 7, "num_statements": 7, "percent_covered": 100.0, "percent_covered_display": "100", "missing_lines": 0, "excluded_lines": 0, "percent_statements_covered": 100.0, "percent_statements_covered_display": "100", "num_branches": 0, "num_partial_branches": 0, "covered_branches": 0, "missing_branches": 0, "percent_branches_covered": 100.0, "percent_branches_covered_display": "100"}, "missing_lines": [], "excluded_lines": [], "start_line": 178, "executed_branches": [], "missing_branches": []}, "_TraceCache.invalidate": {"executed_lines": [188, 189, 190], "summary": {"covered_lines": 3, "num_statements": 3, "percent_covered": 100.0, "percent_covered_display": "100", "missing_lines": 0, "excluded_lines": 0, "percent_statements_covered": 100.0, "percent_statements_covered_display": "100", "num_branches": 0, "num_partial_branches": 0, "covered_branches": 0, "missing_branches": 0, "percent_branches_covered": 100.0, "percent_branches_covered_display": "100"}, "missing_lines": [], "excluded_lines": [], "start_line": 187, "executed_branches": [], "missing_branches": []}, "execute_trace": {"executed_lines": [223, 225, 226, 228, 229, 232, 233, 234, 235, 236, 243, 245, 246, 247, 248, 249, 255, 256, 257, 258, 259, 261, 262, 269, 270, 280, 283, 284, 285, 286, 289, 290, 291, 292, 293, 294, 295, 298, 299, 300, 301, 302, 307, 309, 310, 311, 312, 313, 315, 318, 319, 321, 322, 323, 324, 325, 329, 331, 343, 357, 358, 361, 365, 366, 367, 368, 369, 370, 371, 372, 373, 375, 380, 381, 384, 385, 386, 387, 388, 389, 390, 392, 394, 404], "summary": {"covered_lines": 84, "num_statements": 86, "percent_covered": 95.08196721311475, "percent_covered_display": "95", "missing_lines": 2, "excluded_lines": 0, "percent_statements_covered": 97.67441860465117, "percent_statements_covered_display": "98", "num_branches": 36, "num_partial_branches": 4, "covered_branches": 32, "missing_branches": 4, "percent_branches_covered": 88.88888888888889, "percent_branches_covered_display": "89"}, "missing_lines": [304, 327], "excluded_lines": [], "start_line": 201, "executed_branches": [[228, 229], [228, 232], [232, 233], [232, 235], [235, 236], [235, 243], [247, 248], [247, 261], [261, 262], [261, 298], [299, 300], [299, 307], [301, 302], [309, 310], [309, 343], [318, 319], [318, 321], [322, 323], [324, 325], [324, 329], [357, 358], [357, 380], [366, 367], [368, 369], [368, 375], [370, 368], [370, 371], [371, 372], [386, 387], [386, 392], [387, 386], [387, 388]], "missing_branches": [[301, 304], [322, 327], [366, 375], [371, 370]]}, "_tag_column_relevance": {"executed_lines": [429, 430, 431], "summary": {"covered_lines": 3, "num_statements": 3, "percent_covered": 100.0, "percent_covered_display": "100", "missing_lines": 0, "excluded_lines": 0, "percent_statements_covered": 100.0, "percent_statements_covered_display": "100", "num_branches": 2, "num_partial_branches": 0, "covered_branches": 2, "missing_branches": 0, "percent_branches_covered": 100.0, "percent_branches_covered_display": "100"}, "missing_lines": [], "excluded_lines": [], "start_line": 423, "executed_branches": [[429, -423], [429, 430]], "missing_branches": []}, "trace_result_to_dict": {"executed_lines": [446], "summary": {"covered_lines": 1, "num_statements": 1, "percent_covered": 100.0, "percent_covered_display": "100", "missing_lines": 0, "excluded_lines": 0, "percent_statements_covered": 100.0, "percent_statements_covered_display": "100", "num_branches": 0, "num_partial_branches": 0, "covered_branches": 0, "missing_branches": 0, "percent_branches_covered": 100.0, "percent_branches_covered_display": "100"}, "missing_lines": [], "excluded_lines": [], "start_line": 444, "executed_branches": [], "missing_branches": []}, "": {"executed_lines": [21, 23, 24, 25, 26, 27, 29, 31, 32, 33, 42, 49, 50, 53, 54, 55, 56, 59, 60, 63, 64, 65, 68, 71, 72, 75, 78, 81, 82, 85, 86, 87, 88, 90, 93, 94, 97, 98, 99, 107, 146, 150, 172, 175, 178, 187, 193, 201, 423, 444], "summary": {"covered_lines": 50, "num_statements": 50, "percent_covered": 100.0, "percent_covered_display": "100", "missing_lines": 0, "excluded_lines": 0, "percent_statements_covered": 100.0, "percent_statements_covered_display": "100", "num_branches": 0, "num_partial_branches": 0, "covered_branches": 0, "missing_branches": 0, "percent_branches_covered": 100.0, "percent_branches_covered_display": "100"}, "missing_lines": [], "excluded_lines": [], "start_line": 1, "executed_branches": [], "missing_branches": []}}, "classes": {"SchemaDiff": {"executed_lines": [], "summary": {"covered_lines": 0, "num_statements": 0, "percent_covered": 100.0, "percent_covered_display": "100", "missing_lines": 0, "excluded_lines": 0, "percent_statements_covered": 100.0, "percent_statements_covered_display": "100", "num_branches": 0, "num_partial_branches": 0, "covered_branches": 0, "missing_branches": 0, "percent_branches_covered": 100.0, "percent_branches_covered_display": "100"}, "missing_lines": [], "excluded_lines": [], "start_line": 50, "executed_branches": [], "missing_branches": []}, "TraceStep": {"executed_lines": [], "summary": {"covered_lines": 0, "num_statements": 0, "percent_covered": 100.0, "percent_covered_display": "100", "missing_lines": 0, "excluded_lines": 0, "percent_statements_covered": 100.0, "percent_statements_covered_display": "100", "num_branches": 0, "num_partial_branches": 0, "covered_branches": 0, "missing_branches": 0, "percent_branches_covered": 100.0, "percent_branches_covered_display": "100"}, "missing_lines": [], "excluded_lines": [], "start_line": 60, "executed_branches": [], "missing_branches": []}, "TraceResult": {"executed_lines": [], "summary": {"covered_lines": 0, "num_statements": 0, "percent_covered": 100.0, "percent_covered_display": "100", "missing_lines": 0, "excluded_lines": 0, "percent_statements_covered": 100.0, "percent_statements_covered_display": "100", "num_branches": 0, "num_partial_branches": 0, "covered_branches": 0, "missing_branches": 0, "percent_branches_covered": 100.0, "percent_branches_covered_display": "100"}, "missing_lines": [], "excluded_lines": [], "start_line": 82, "executed_branches": [], "missing_branches": []}, "_TraceCache": {"executed_lines": [179, 180, 181, 182, 183, 184, 185, 188, 189, 190], "summary": {"covered_lines": 10, "num_statements": 10, "percent_covered": 100.0, "percent_covered_display": "100", "missing_lines": 0, "excluded_lines": 0, "percent_statements_covered": 100.0, "percent_statements_covered_display": "100", "num_branches": 0, "num_partial_branches": 0, "covered_branches": 0, "missing_branches": 0, "percent_branches_covered": 100.0, "percent_branches_covered_display": "100"}, "missing_lines": [], "excluded_lines": [], "start_line": 172, "executed_branches": [], "missing_branches": []}, "": {"executed_lines": [21, 23, 24, 25, 26, 27, 29, 31, 32, 33, 42, 49, 50, 53, 54, 55, 56, 59, 60, 63, 64, 65, 68, 71, 72, 75, 78, 81, 82, 85, 86, 87, 88, 90, 93, 94, 97, 98, 99, 107, 112, 114, 121, 122, 124, 125, 127, 128, 129, 130, 131, 133, 134, 136, 138, 146, 147, 150, 152, 153, 154, 155, 156, 157, 160, 161, 172, 175, 178, 187, 193, 201, 223, 225, 226, 228, 229, 232, 233, 234, 235, 236, 243, 245, 246, 247, 248, 249, 255, 256, 257, 258, 259, 261, 262, 269, 270, 280, 283, 284, 285, 286, 289, 290, 291, 292, 293, 294, 295, 298, 299, 300, 301, 302, 307, 309, 310, 311, 312, 313, 315, 318, 319, 321, 322, 323, 324, 325, 329, 331, 343, 357, 358, 361, 365, 366, 367, 368, 369, 370, 371, 372, 373, 375, 380, 381, 384, 385, 386, 387, 388, 389, 390, 392, 394, 404, 423, 429, 430, 431, 444, 446], "summary": {"covered_lines": 162, "num_statements": 164, "percent_covered": 97.19626168224299, "percent_covered_display": "97", "missing_lines": 2, "excluded_lines": 0, "percent_statements_covered": 98.78048780487805, "percent_statements_covered_display": "99", "num_branches": 50, "num_partial_branches": 4, "covered_branches": 46, "missing_branches": 4, "percent_branches_covered": 92.0, "percent_branches_covered_display": "92"}, "missing_lines": [304, 327], "excluded_lines": [], "start_line": 1, "executed_branches": [[112, 114], [112, 121], [129, 130], [129, 138], [133, 134], [133, 136], [153, 154], [153, 161], [154, 155], [154, 156], [156, 157], [156, 160], [228, 229], [228, 232], [232, 233], [232, 235], [235, 236], [235, 243], [247, 248], [247, 261], [261, 262], [261, 298], [299, 300], [299, 307], [301, 302], [309, 310], [309, 343], [318, 319], [318, 321], [322, 323], [324, 325], [324, 329], [357, 358], [357, 380], [366, 367], [368, 369], [368, 375], [370, 368], [370, 371], [371, 372], [386, 387], [386, 392], [387, 386], [387, 388], [429, -423], [429, 430]], "missing_branches": [[301, 304], [322, 327], [366, 375], [371, 370]]}}}}, "totals": {"covered_lines": 7735, "num_statements": 9308, "percent_covered": 80.75587165067813, "percent_covered_display": "81", "missing_lines": 1573, "excluded_lines": 17, "percent_statements_covered": 83.10055865921788, "percent_statements_covered_display": "83", "num_branches": 2784, "num_partial_branches": 408, "covered_branches": 2030, "missing_branches": 754, "percent_branches_covered": 72.91666666666667, "percent_branches_covered_display": "73"}}